#
# A fatal error has been detected by the Java Runtime Environment:
#
#  SIGILL (0x4) at pc=0x00007ff804dcdead, pid=17523, tid=0x0000000000000103
#
# JRE version: Java(TM) SE Runtime Environment (8.0_231-b11) (build 1.8.0_231-b11)
# Java VM: Java HotSpot(TM) 64-Bit Server VM (25.231-b11 mixed mode bsd-amd64 compressed oops)
# Problematic frame:
# C  [AppKit+0x399ead]  -[NSApplication _crashOnException:]+0x121
#
# Failed to write core dump. Core dumps have been disabled. To enable core dumping, try "ulimit -c unlimited" before starting Java again
#
# If you would like to submit a bug report, please visit:
#   http://bugreport.java.com/bugreport/crash.jsp
# The crash happened outside the Java Virtual Machine in native code.
# See problematic frame for where to report the bug.
#

---------------  T H R E A D  ---------------

Current thread (0x00007f85ad955000):  JavaThread "AppKit Thread" daemon [_thread_in_native, id=259, stack(0x00007ff7bbcdb000,0x00007ff7bc4db000)]

siginfo: si_signo: 4 (SIGILL), si_code: 1 (ILL_ILLOPC), si_addr: 0x00007ff804dcdead

Registers:
RAX=0x00007f85aebbda00, RBX=0x000060000250c0f0, RCX=0x3e06e7df5c310045, RDX=0x0000000000000ef7
RSP=0x00007ff7bc4d6600, RBP=0x00007ff7bc4d6630, RSI=0x00007ff7bc4d61a0, RDI=0x0000000000000000
R8 =0x0000000000000000, R9 =0x00007f85aebbe8f7, R10=0x00007f85aebbda00, R11=0xfffffffffff95dff
R12=0x00007f85ac809070, R13=0x0000600001a20e60, R14=0x00007ff8212e2257, R15=0x00007ff800f59640
RIP=0x00007ff804dcdead, EFLAGS=0x0000000000010206, ERR=0x0000000000000000
  TRAPNO=0x0000000000000006

Top of Stack: (sp=0x00007ff7bc4d6600)
0x00007ff7bc4d6600:   0250c12008420102 0000000000006000
0x00007ff7bc4d6610:   3ff0000000000000 0000600001a34060
0x00007ff7bc4d6620:   00007ff800f59640 0000600001a20e60
0x00007ff7bc4d6630:   00007ff7bc4d6770 00007ff804bcf5d5
0x00007ff7bc4d6640:   00007ff844867c88 00007ff7bc4d66c0
0x00007ff7bc4d6650:   00007ff7bc4d6690 00007ff800f7f44e
0x00007ff7bc4d6660:   00007f85ad113870 00007f85b0f20bb0
0x00007ff7bc4d6670:   00007ff7bc4d66a0 0000600002544510
0x00007ff7bc4d6680:   0000000000000000 ffff9ffffdabbac0
0x00007ff7bc4d6690:   00007ff844869958 0000000000000000
0x00007ff7bc4d66a0:   00007ff7bc4d6710 00007ff800f7dfcf
0x00007ff7bc4d66b0:   00007ff844867a80 0000000000000000
0x00007ff7bc4d66c0:   0000600002544540 00007ff844867a88
0x00007ff7bc4d66d0:   00007ff7bc4d6710 00007ff800f5bba0
0x00007ff7bc4d66e0:   0000000000000000 00007f85b1819810
0x00007ff7bc4d66f0:   0000600002544540 0000000000000000
0x00007ff7bc4d6700:   0000000000000000 ffff9ffffdabbaf0
0x00007ff7bc4d6710:   00007ff844869958 0000000000000000
0x00007ff7bc4d6720:   00007ff7bc4d6790 00007ff800f7dfcf
0x00007ff7bc4d6730:   00007ff8448679c0 0000000000000000
0x00007ff7bc4d6740:   3e06e7df5c310045 0000000000000002
0x00007ff7bc4d6750:   00007f85ac809070 0000600001a20e60
0x00007ff7bc4d6760:   0000600001a20e60 00006000025724c0
0x00007ff7bc4d6770:   00007ff7bc4d67a0 00007ff8056bf4d4
0x00007ff7bc4d6780:   0000000000000000 00007ff801403a5b
0x00007ff7bc4d6790:   0000000000000002 00006000025724c0
0x00007ff7bc4d67a0:   00007ff7bc4d67b0 00007ff801403586
0x00007ff7bc4d67b0:   00007ff7bc4d6870 00007ff8014034aa
0x00007ff7bc4d67c0:   0000600001a20e60 0000000000000020
0x00007ff7bc4d67d0:   00007ff84487b070 00007ff801403355
0x00007ff7bc4d67e0:   0000000000000002 0005000000002d8a
0x00007ff7bc4d67f0:   000060000102c000 00007ff7bc4d67e0 

Instructions: (pc=0x00007ff804dcdead)
0x00007ff804dcde8d:   48 89 c7 ff 15 5a eb f4 3e 48 8b 35 e3 ac 18 3f
0x00007ff804dcde9d:   48 89 c7 ff 15 4a eb f4 3e 48 89 05 b3 b7 ea 3d
0x00007ff804dcdead:   0f 0b 48 89 c7 e8 7b ac c7 00 31 ff 31 f6 31 c0
0x00007ff804dcdebd:   e8 2e 3b e4 ff e8 9b ac c7 00 0f 0b eb 00 48 89 

Register to memory mapping:

RAX=0x00007f85aebbda00 is an unknown value
RBX=0x000060000250c0f0 is an unknown value
RCX=0x3e06e7df5c310045 is an unknown value
RDX=0x0000000000000ef7 is an unknown value
RSP=0x00007ff7bc4d6600 is pointing into the stack for thread: 0x00007f85ad955000
RBP=0x00007ff7bc4d6630 is pointing into the stack for thread: 0x00007f85ad955000
RSI=0x00007ff7bc4d61a0 is pointing into the stack for thread: 0x00007f85ad955000
RDI=0x0000000000000000 is an unknown value
R8 =0x0000000000000000 is an unknown value
R9 =0x00007f85aebbe8f7 is an unknown value
R10=0x00007f85aebbda00 is an unknown value
R11=0xfffffffffff95dff is an unknown value
R12=0x00007f85ac809070 is an unknown value
R13=0x0000600001a20e60 is an unknown value
R14=0x00007ff8212e2257 is an unknown value
R15=0x00007ff800f59640: objc_msgSend+0 in /usr/lib/libobjc.A.dylib at 0x00007ff800f53000


Stack: [0x00007ff7bbcdb000,0x00007ff7bc4db000],  sp=0x00007ff7bc4d6600,  free space=8173k
Native frames: (J=compiled Java code, j=interpreted, Vv=VM code, C=native code)
C  [AppKit+0x399ead]  -[NSApplication _crashOnException:]+0x121
C  [AppKit+0x19b5d5]  __62+[CATransaction(NSCATransaction) NS_setFlushesWithDisplayLink]_block_invoke+0x355
C  [AppKit+0xc8b4d4]  ___NSRunLoopObserverCreateWithHandler_block_invoke+0x29
C  [CoreFoundation+0x7b586]  __CFRUNLOOP_IS_CALLING_OUT_TO_AN_OBSERVER_CALLBACK_FUNCTION__+0x17
C  [CoreFoundation+0x7b4aa]  __CFRunLoopDoObservers+0x1ed
C  [CoreFoundation+0x7aa2c]  __CFRunLoopRun+0x352
C  [CoreFoundation+0x7a112]  CFRunLoopRunSpecific+0x22d
C  [HIToolbox+0x2ea09]  RunCurrentEventLoopInMode+0x124
C  [HIToolbox+0x2e816]  ReceiveNextEventCommon+0x299
C  [HIToolbox+0x2e561]  _BlockUntilNextEventMatchingListInModeWithFilter+0x42
C  [AppKit+0x3ec61]  _DPSNextEvent+0x370
C  [AppKit+0x952dc0]  -[NSApplication(NSEventRouting) _nextEventMatchingEventMask:untilDate:inMode:dequeue:]+0x4f9
C  [libosxapp.dylib+0x2328]  -[NSApplicationAWT nextEventMatchingMask:untilDate:inMode:dequeue:]+0x7c
C  [AppKit+0x30075]  -[NSApplication run]+0x25b
C  [libosxapp.dylib+0x1f72]  +[NSApplicationAWT runAWTLoopWithApp:]+0x9c
C  [libawt_lwawt.dylib+0x480bf]  -[AWTStarter starter:]+0x389
C  [Foundation+0x7d365]  __NSThreadPerformPerform+0xb2
C  [CoreFoundation+0x7c087]  __CFRUNLOOP_IS_CALLING_OUT_TO_A_SOURCE0_PERFORM_FUNCTION__+0x11
C  [CoreFoundation+0x7c029]  __CFRunLoopDoSource0+0x9d
C  [CoreFoundation+0x7bdf4]  __CFRunLoopDoSources0+0xd7
C  [CoreFoundation+0x7aa71]  __CFRunLoopRun+0x397
C  [CoreFoundation+0x7a112]  CFRunLoopRunSpecific+0x22d
C  [java+0x646e]  CreateExecutionEnvironment+0x367
C  [java+0x203c]  JLI_Launch+0x7a0
C  [java+0x84cb]  main+0x65
C  [java+0x1894]  start+0x34
C  0x000000000000000e


---------------  P R O C E S S  ---------------

Java Threads: ( => current thread )
  0x00007f85b128f000 JavaThread "Java2D Disposer" daemon [_thread_blocked, id=84995, stack(0x0000700005961000,0x0000700005a61000)]
  0x00007f85b20f1800 JavaThread "DestroyJavaVM" [_thread_blocked, id=5891, stack(0x0000700003d01000,0x0000700003e01000)]
  0x00007f85b20f1000 JavaThread "Minecraft main thread" [_thread_in_vm, id=85251, stack(0x000070000585e000,0x000070000595e000)]
  0x00007f85b20cc000 JavaThread "Timer hack thread" daemon [_thread_blocked, id=67083, stack(0x000070000575b000,0x000070000585b000)]
  0x00007f85b1238800 JavaThread "AWT-Shutdown" [_thread_blocked, id=41735, stack(0x00007000053c9000,0x00007000054c9000)]
=>0x00007f85ad955000 JavaThread "AppKit Thread" daemon [_thread_in_native, id=259, stack(0x00007ff7bbcdb000,0x00007ff7bc4db000)]
  0x00007f85ad833000 JavaThread "Service Thread" daemon [_thread_blocked, id=32515, stack(0x0000700005140000,0x0000700005240000)]
  0x00007f85ad818000 JavaThread "C1 CompilerThread3" daemon [_thread_blocked, id=19715, stack(0x000070000503d000,0x000070000513d000)]
  0x00007f85ae829000 JavaThread "C2 CompilerThread2" daemon [_thread_blocked, id=19459, stack(0x0000700004f3a000,0x000070000503a000)]
  0x00007f85b1019000 JavaThread "C2 CompilerThread1" daemon [_thread_in_native, id=18947, stack(0x0000700004e37000,0x0000700004f37000)]
  0x00007f85b1017800 JavaThread "C2 CompilerThread0" daemon [_thread_in_native, id=20227, stack(0x0000700004d34000,0x0000700004e34000)]
  0x00007f85ae83d800 JavaThread "Signal Dispatcher" daemon [_thread_blocked, id=18435, stack(0x0000700004c31000,0x0000700004d31000)]
  0x00007f85ad817800 JavaThread "Finalizer" daemon [_thread_blocked, id=13571, stack(0x0000700004a28000,0x0000700004b28000)]
  0x00007f85ad814800 JavaThread "Reference Handler" daemon [_thread_blocked, id=14339, stack(0x0000700004925000,0x0000700004a25000)]

Other Threads:
  0x00007f85ac835800 VMThread [stack: 0x0000700004822000,0x0000700004922000] [id=13315]
  0x00007f85ae879000 WatcherThread [stack: 0x0000700005243000,0x0000700005343000] [id=32259]

VM state:not at safepoint (normal execution)

VM Mutex/Monitor currently owned by a thread: None

heap address: 0x00000006c0000000, size: 4096 MB, Compressed Oops mode: Zero based, Oop shift amount: 3
Narrow klass base: 0x0000000000000000, Narrow klass shift: 3
Compressed class space size: 1073741824 Address: 0x00000007c0000000

Heap:
 PSYoungGen      total 76288K, used 55385K [0x000000076ab00000, 0x0000000770000000, 0x00000007c0000000)
  eden space 65536K, 84% used [0x000000076ab00000,0x000000076e1167d0,0x000000076eb00000)
  from space 10752K, 0% used [0x000000076f580000,0x000000076f580000,0x0000000770000000)
  to   space 10752K, 0% used [0x000000076eb00000,0x000000076eb00000,0x000000076f580000)
 ParOldGen       total 175104K, used 0K [0x00000006c0000000, 0x00000006cab00000, 0x000000076ab00000)
  object space 175104K, 0% used [0x00000006c0000000,0x00000006c0000000,0x00000006cab00000)
 Metaspace       used 8941K, capacity 9109K, committed 9344K, reserved 1056768K
  class space    used 975K, capacity 1053K, committed 1152K, reserved 1048576K

Card table byte_map: [0x0000000104401000,0x0000000104c02000] byte_map_base: 0x0000000100e01000

Marking Bits: (ParMarkBitMap*) 0x00000001058c1eb0
 Begin Bits: [0x00000001154d5000, 0x00000001194d5000)
 End Bits:   [0x00000001194d5000, 0x000000011d4d5000)

Polling page: 0x0000000103abb000

CodeCache: size=245760Kb used=3311Kb max_used=3325Kb free=242448Kb
 bounds [0x0000000105f7f000, 0x00000001062cf000, 0x0000000114f7f000]
 total_blobs=1106 nmethods=722 adapters=298
 compilation: enabled

Compilation events (10 events):
Event: 0.660 Thread 0x00007f85ad818000  719       1       org.objectweb.asm.tree.FieldNode::visitEnd (1 bytes)
Event: 0.660 Thread 0x00007f85ad818000 nmethod 719 0x00000001062b8b10 code [0x00000001062b8c60, 0x00000001062b8d70]
Event: 0.661 Thread 0x00007f85ae829000  720       4       org.objectweb.asm.tree.MethodNode::visitLocalVariable (40 bytes)
Event: 0.661 Thread 0x00007f85b1017800  721       4       org.objectweb.asm.tree.LocalVariableNode::<init> (38 bytes)
Event: 0.661 Thread 0x00007f85b1017800 nmethod 721 0x00000001062bba90 code [0x00000001062bbbe0, 0x00000001062bbc98]
Event: 0.662 Thread 0x00007f85b1017800  722       4       org.objectweb.asm.tree.MethodNode::visitJumpInsn (21 bytes)
Event: 0.664 Thread 0x00007f85b1017800 nmethod 722 0x00000001062b9f10 code [0x00000001062ba080, 0x00000001062ba3b8]
Event: 0.664 Thread 0x00007f85b1017800  723       4       org.objectweb.asm.ClassReader::readConst (276 bytes)
Event: 0.669 Thread 0x00007f85ae829000 nmethod 720 0x00000001062b8dd0 code [0x00000001062b8fa0, 0x00000001062b9728]
Event: 0.669 Thread 0x00007f85ae829000  724 %     4       org.mcphackers.launchwrapper.tweak.LegacyClassLoaderTweak::tweakClass @ 61 (514 bytes)

GC Heap History (0 events):
No events

Deoptimization events (9 events):
Event: 0.144 Thread 0x00007f85ae009000 Uncommon trap: reason=unstable_if action=reinterpret pc=0x00000001060b1d04 method=java.lang.String.indexOf(II)I @ 49
Event: 0.170 Thread 0x00007f85ae009000 Uncommon trap: reason=unstable_if action=reinterpret pc=0x00000001060f5220 method=java.lang.Integer.valueOf(I)Ljava/lang/Integer; @ 10
Event: 0.170 Thread 0x00007f85ae009000 Uncommon trap: reason=unstable_if action=reinterpret pc=0x00000001060fa09c method=java.lang.String.indexOf([CII[CIII)I @ 134
Event: 0.179 Thread 0x00007f85ae009000 Uncommon trap: reason=unstable_if action=reinterpret pc=0x00000001060fd6c0 method=org.mcphackers.launchwrapper.inject.InsnHelper.compareInsn(Lorg/objectweb/asm/tree/AbstractInsnNode;I[Ljava/lang/Object;)Z @ 1
Event: 0.216 Thread 0x00007f85ae009000 Uncommon trap: reason=unstable_if action=reinterpret pc=0x000000010614b2ec method=sun.misc.MetaIndex.mayContain(Ljava/lang/String;)Z @ 13
Event: 0.424 Thread 0x00007f85ae009000 Uncommon trap: reason=unstable_if action=reinterpret pc=0x000000010612f78c method=org.objectweb.asm.ClassReader.readUTF8(I[C)Ljava/lang/String; @ 11
Event: 0.527 Thread 0x00007f85b20f1000 Uncommon trap: reason=unstable_if action=reinterpret pc=0x00000001061b839c method=java.lang.String.indexOf([CII[CIII)I @ 3
Event: 0.573 Thread 0x00007f85b20f1000 Uncommon trap: reason=unstable_if action=reinterpret pc=0x000000010612b1dc method=org.objectweb.asm.ClassReader.readUtf(II[C)Ljava/lang/String; @ 41
Event: 0.573 Thread 0x00007f85b20f1000 Uncommon trap: reason=unstable_if action=reinterpret pc=0x0000000106126ac4 method=org.objectweb.asm.ClassReader.readUtf(II[C)Ljava/lang/String; @ 41

Classes redefined (0 events):
No events

Internal exceptions (10 events):
Event: 0.028 Thread 0x00007f85ae009000 Exception <a 'java/lang/NoSuchMethodError': Method sun.misc.Unsafe.prefetchRead(Ljava/lang/Object;J)V name or signature does not match> (0x000000076ab07fa0) thrown at [/Users/java_re/workspace/8-2-build-macosx-x86_64/jdk8u231/13620/hotspot/src/share/vm/pr
Event: 0.115 Thread 0x00007f85ae009000 Exception <a 'java/security/PrivilegedActionException'> (0x000000076ae93db8) thrown at [/Users/java_re/workspace/8-2-build-macosx-x86_64/jdk8u231/13620/hotspot/src/share/vm/prims/jvm.cpp, line 1502]
Event: 0.115 Thread 0x00007f85ae009000 Exception <a 'java/security/PrivilegedActionException'> (0x000000076ae93fc8) thrown at [/Users/java_re/workspace/8-2-build-macosx-x86_64/jdk8u231/13620/hotspot/src/share/vm/prims/jvm.cpp, line 1502]
Event: 0.115 Thread 0x00007f85ae009000 Exception <a 'java/security/PrivilegedActionException'> (0x000000076ae972f8) thrown at [/Users/java_re/workspace/8-2-build-macosx-x86_64/jdk8u231/13620/hotspot/src/share/vm/prims/jvm.cpp, line 1502]
Event: 0.115 Thread 0x00007f85ae009000 Exception <a 'java/security/PrivilegedActionException'> (0x000000076ae97508) thrown at [/Users/java_re/workspace/8-2-build-macosx-x86_64/jdk8u231/13620/hotspot/src/share/vm/prims/jvm.cpp, line 1502]
Event: 0.179 Thread 0x00007f85ae009000 Implicit null exception at 0x00000001060fc2ef to 0x00000001060fd6a9
Event: 0.247 Thread 0x00007f85ae009000 Exception <a 'java/lang/NoSuchFieldError': method resolution failed> (0x000000076b997960) thrown at [/Users/java_re/workspace/8-2-build-macosx-x86_64/jdk8u231/13620/hotspot/src/share/vm/prims/methodHandles.cpp, line 1167]
Event: 0.248 Thread 0x00007f85ae009000 Exception <a 'java/lang/NoSuchFieldError': method resolution failed> (0x000000076b9a50d0) thrown at [/Users/java_re/workspace/8-2-build-macosx-x86_64/jdk8u231/13620/hotspot/src/share/vm/prims/methodHandles.cpp, line 1167]
Event: 0.416 Thread 0x00007f85ae009000 Exception <a 'java/io/FileNotFoundException'> (0x000000076ba1fb98) thrown at [/Users/java_re/workspace/8-2-build-macosx-x86_64/jdk8u231/13620/hotspot/src/share/vm/prims/jni.cpp, line 710]
Event: 0.417 Thread 0x00007f85ae009000 Exception <a 'java/io/FileNotFoundException'> (0x000000076ba206f8) thrown at [/Users/java_re/workspace/8-2-build-macosx-x86_64/jdk8u231/13620/hotspot/src/share/vm/prims/jni.cpp, line 710]

Events (10 events):
Event: 0.652 loading class org/lwjgl/opengl/MacOSXContextImplementation
Event: 0.652 loading class org/lwjgl/opengl/MacOSXContextImplementation done
Event: 0.653 loading class org/lwjgl/opengl/GLContext
Event: 0.653 loading class org/lwjgl/opengl/GLContext done
Event: 0.654 loading class java/lang/NumberFormatException
Event: 0.654 loading class java/lang/NumberFormatException done
Event: 0.654 loading class org/lwjgl/opengl/GLContext$CapabilitiesCacheEntry
Event: 0.654 loading class org/lwjgl/opengl/GLContext$CapabilitiesCacheEntry done
Event: 0.659 loading class org/lwjgl/opengl/ContextCapabilities
Event: 0.659 loading class org/lwjgl/opengl/ContextCapabilities done


Dynamic libraries:
0x00007ff81c3e6000 	/System/Library/Frameworks/Cocoa.framework/Versions/A/Cocoa
0x00007ff804a34000 	/System/Library/Frameworks/AppKit.framework/Versions/C/AppKit
0x00007ff807cc1000 	/System/Library/Frameworks/CoreData.framework/Versions/A/CoreData
0x00007ff802357000 	/System/Library/Frameworks/Foundation.framework/Versions/C/Foundation
0x00007ff80e5c6000 	/usr/lib/libSystem.B.dylib
0x00007ff805e63000 	/System/Library/PrivateFrameworks/UIFoundation.framework/Versions/A/UIFoundation
0x00007ffb0f823000 	/System/Library/PrivateFrameworks/CollectionViewCore.framework/Versions/A/CollectionViewCore
0x00007ff815bb6000 	/System/Library/PrivateFrameworks/RemoteViewServices.framework/Versions/A/RemoteViewServices
0x00007ff80c09b000 	/System/Library/PrivateFrameworks/XCTTargetBootstrap.framework/Versions/A/XCTTargetBootstrap
0x00007ff810fb4000 	/System/Library/PrivateFrameworks/InternationalSupport.framework/Versions/A/InternationalSupport
0x00007ff811008000 	/System/Library/PrivateFrameworks/UserActivity.framework/Versions/A/UserActivity
0x00007ffc122e8000 	/System/Library/PrivateFrameworks/WindowManagement.framework/Versions/A/WindowManagement
0x00007ff802006000 	/System/Library/Frameworks/SystemConfiguration.framework/Versions/A/SystemConfiguration
0x00007ff810322000 	/usr/lib/libspindump.dylib
0x00007ff806040000 	/System/Library/Frameworks/UniformTypeIdentifiers.framework/Versions/A/UniformTypeIdentifiers
0x00007ff80a088000 	/usr/lib/libapp_launch_measurement.dylib
0x00007ff809214000 	/System/Library/PrivateFrameworks/CoreAnalytics.framework/Versions/A/CoreAnalytics
0x00007ff80a08b000 	/System/Library/PrivateFrameworks/CoreAutoLayout.framework/Versions/A/CoreAutoLayout
0x00007ff80b907000 	/System/Library/Frameworks/Metal.framework/Versions/A/Metal
0x00007ff80c8a3000 	/usr/lib/liblangid.dylib
0x00007ff80c0a0000 	/System/Library/PrivateFrameworks/CoreSVG.framework/Versions/A/CoreSVG
0x00007ff8069fd000 	/System/Library/PrivateFrameworks/SkyLight.framework/Versions/A/SkyLight
0x00007ff806e5f000 	/System/Library/Frameworks/CoreGraphics.framework/Versions/A/CoreGraphics
0x00007ff81628a000 	/System/Library/Frameworks/Accelerate.framework/Versions/A/Accelerate
0x00007ff810182000 	/System/Library/PrivateFrameworks/IconServices.framework/Versions/A/IconServices
0x00007ff80b8e8000 	/System/Library/Frameworks/IOSurface.framework/Versions/A/IOSurface
0x00007ff809240000 	/usr/lib/libDiagnosticMessagesClient.dylib
0x00007ff80e4e4000 	/usr/lib/libz.1.dylib
0x00007ff819cb7000 	/System/Library/Frameworks/ApplicationServices.framework/Versions/A/ApplicationServices
0x00007ff80c088000 	/System/Library/PrivateFrameworks/DFRFoundation.framework/Versions/A/DFRFoundation
0x00007ff8042e2000 	/usr/lib/libicucore.A.dylib
0x00007ff811f56000 	/System/Library/Frameworks/AudioToolbox.framework/Versions/A/AudioToolbox
0x00007ff810fc3000 	/System/Library/PrivateFrameworks/DataDetectorsCore.framework/Versions/A/DataDetectorsCore
0x00007ff90b080000 	/System/Library/PrivateFrameworks/TextInput.framework/Versions/A/TextInput
0x00007ff806956000 	/usr/lib/libMobileGestalt.dylib
0x00007ff80bded000 	/System/Library/Frameworks/Carbon.framework/Versions/A/Frameworks/HIToolbox.framework/Versions/A/HIToolbox
0x00007ff8099e4000 	/System/Library/Frameworks/QuartzCore.framework/Versions/A/QuartzCore
0x00007ff803f34000 	/System/Library/Frameworks/Security.framework/Versions/A/Security
0x00007ff815bee000 	/System/Library/Frameworks/Carbon.framework/Versions/A/Frameworks/SpeechRecognition.framework/Versions/A/SpeechRecognition
0x00007ff809dbb000 	/System/Library/PrivateFrameworks/CoreUI.framework/Versions/A/CoreUI
0x00007ff803808000 	/System/Library/Frameworks/CoreAudio.framework/Versions/A/CoreAudio
0x00007ff809320000 	/System/Library/Frameworks/DiskArbitration.framework/Versions/A/DiskArbitration
0x00007ff810759000 	/System/Library/PrivateFrameworks/MultitouchSupport.framework/Versions/A/MultitouchSupport
0x00007ff806955000 	/usr/lib/libenergytrace.dylib
0x00007ff8207eb000 	/System/Library/PrivateFrameworks/RenderBox.framework/Versions/A/RenderBox
0x00007ff80490b000 	/System/Library/Frameworks/IOKit.framework/Versions/A/IOKit
0x00007ff815fc2000 	/System/Library/Frameworks/CoreServices.framework/Versions/A/CoreServices
0x00007ff80a020000 	/System/Library/PrivateFrameworks/PerformanceAnalysis.framework/Versions/A/PerformanceAnalysis
0x00007ffa1dab5000 	/System/Library/Frameworks/OpenGL.framework/Versions/A/OpenGL
0x00007ff80a0d4000 	/usr/lib/libxml2.2.dylib
0x00007ff80d7b7000 	/System/Library/PrivateFrameworks/MobileKeyBag.framework/Versions/A/MobileKeyBag
0x00007ff800f53000 	/usr/lib/libobjc.A.dylib
0x00007ff801255000 	/usr/lib/libc++.1.dylib
0x00007ff815f3e000 	/System/Library/Frameworks/Accessibility.framework/Versions/A/Accessibility
0x00007ff80761b000 	/System/Library/Frameworks/ColorSync.framework/Versions/A/ColorSync
0x00007ff801388000 	/System/Library/Frameworks/CoreFoundation.framework/Versions/A/CoreFoundation
0x00007ff80c410000 	/System/Library/Frameworks/CoreImage.framework/Versions/A/CoreImage
0x00007ff803601000 	/System/Library/Frameworks/CoreText.framework/Versions/A/CoreText
0x00007ffb05b1d000 	/System/Library/Frameworks/CoreTransferable.framework/Versions/A/CoreTransferable
0x00007ffb05f22000 	/System/Library/Frameworks/DeveloperToolsSupport.framework/Versions/A/DeveloperToolsSupport
0x00007ff80c0d9000 	/System/Library/Frameworks/ImageIO.framework/Versions/A/ImageIO
0x00007ffb0a1bc000 	/System/Library/Frameworks/Symbols.framework/Versions/A/Symbols
0x00007ff80e5cb000 	/System/Library/PrivateFrameworks/SoftLinking.framework/Versions/A/SoftLinking
0x00007ff8119c6000 	/usr/lib/swift/libswiftCore.dylib
0x00007ff907c45000 	/usr/lib/swift/libswiftCoreFoundation.dylib
0x00007ff9058a1000 	/usr/lib/swift/libswiftCoreGraphics.dylib
0x00007ff907c83000 	/usr/lib/swift/libswiftCoreImage.dylib
0x00007ff9058a8000 	/usr/lib/swift/libswiftDarwin.dylib
0x00007ff81792e000 	/usr/lib/swift/libswiftDispatch.dylib
0x00007ff907c84000 	/usr/lib/swift/libswiftIOKit.dylib
0x00007ff913cd0000 	/usr/lib/swift/libswiftMetal.dylib
0x00007ffa0131e000 	/usr/lib/swift/libswiftOSLog.dylib
0x00007ff81a123000 	/usr/lib/swift/libswiftObjectiveC.dylib
0x00007ff918276000 	/usr/lib/swift/libswiftQuartzCore.dylib
0x00007ff91c37f000 	/usr/lib/swift/libswiftUniformTypeIdentifiers.dylib
0x00007ff907c55000 	/usr/lib/swift/libswiftXPC.dylib
0x00007ffc1a9b1000 	/usr/lib/swift/libswift_Concurrency.dylib
0x00007ff81a127000 	/usr/lib/swift/libswiftos.dylib
0x00007ff90afe2000 	/usr/lib/swift/libswiftsimd.dylib
0x00007ff80e765000 	/usr/lib/libcompression.dylib
0x00007ff810ef4000 	/System/Library/PrivateFrameworks/TextureIO.framework/Versions/A/TextureIO
0x00007ff80fe25000 	/usr/lib/libate.dylib
0x00007ff80e5c0000 	/usr/lib/system/libcache.dylib
0x00007ff80e57c000 	/usr/lib/system/libcommonCrypto.dylib
0x00007ff80e5a4000 	/usr/lib/system/libcompiler_rt.dylib
0x00007ff80e599000 	/usr/lib/system/libcopyfile.dylib
0x00007ff80108c000 	/usr/lib/system/libcorecrypto.dylib
0x00007ff801183000 	/usr/lib/system/libdispatch.dylib
0x00007ff80132d000 	/usr/lib/system/libdyld.dylib
0x00007ff80e5b6000 	/usr/lib/system/libkeymgr.dylib
0x00007ff80e55d000 	/usr/lib/system/libmacho.dylib
0x00007ff80d892000 	/usr/lib/system/libquarantine.dylib
0x00007ff80e5b4000 	/usr/lib/system/libremovefile.dylib
0x00007ff8069c8000 	/usr/lib/system/libsystem_asl.dylib
0x00007ff801026000 	/usr/lib/system/libsystem_blocks.dylib
0x00007ff8011cd000 	/usr/lib/system/libsystem_c.dylib
0x00007ff80e5ac000 	/usr/lib/system/libsystem_collections.dylib
0x00007ff80c893000 	/usr/lib/system/libsystem_configuration.dylib
0x00007ff80b8bf000 	/usr/lib/system/libsystem_containermanager.dylib
0x00007ff80e1b4000 	/usr/lib/system/libsystem_coreservices.dylib
0x00007ff804583000 	/usr/lib/system/libsystem_darwin.dylib
0x00007ffc1acdf000 	/usr/lib/system/libsystem_darwindirectory.dylib
0x00007ff80e5b7000 	/usr/lib/system/libsystem_dnssd.dylib
0x00007ffc1ace3000 	/usr/lib/system/libsystem_eligibility.dylib
0x00007ff8011ca000 	/usr/lib/system/libsystem_featureflags.dylib
0x00007ff80135d000 	/usr/lib/system/libsystem_info.dylib
0x00007ff80e4f8000 	/usr/lib/system/libsystem_m.dylib
0x00007ff801143000 	/usr/lib/system/libsystem_malloc.dylib
0x00007ff80693c000 	/usr/lib/system/libsystem_networkextension.dylib
0x00007ff8049cf000 	/usr/lib/system/libsystem_notify.dylib
0x00007ff80c897000 	/usr/lib/system/libsystem_sandbox.dylib
0x00007ffc1ace6000 	/usr/lib/system/libsystem_sanitizers.dylib
0x00007ff80e5b1000 	/usr/lib/system/libsystem_secinit.dylib
0x00007ff8012e6000 	/usr/lib/system/libsystem_kernel.dylib
0x00007ff801352000 	/usr/lib/system/libsystem_platform.dylib
0x00007ff801321000 	/usr/lib/system/libsystem_pthread.dylib
0x00007ff80856b000 	/usr/lib/system/libsystem_symptoms.dylib
0x00007ff801072000 	/usr/lib/system/libsystem_trace.dylib
0x00007ff80e588000 	/usr/lib/system/libunwind.dylib
0x00007ff80102a000 	/usr/lib/system/libxpc.dylib
0x00007ff8012d0000 	/usr/lib/libc++abi.dylib
0x00007ff80e591000 	/usr/lib/liboah.dylib
0x00007ff80fbcd000 	/usr/lib/liblzma.5.dylib
0x00007ff80e5c8000 	/usr/lib/libfakelink.dylib
0x00007ff80658d000 	/System/Library/Frameworks/CFNetwork.framework/Versions/A/CFNetwork
0x00007ff80e61a000 	/usr/lib/libarchive.2.dylib
0x00007ff813e37000 	/System/Library/Frameworks/Combine.framework/Versions/A/Combine
0x00007ffb0f838000 	/System/Library/PrivateFrameworks/CollectionsInternal.framework/Versions/A/CollectionsInternal
0x00007ffc054cf000 	/System/Library/PrivateFrameworks/ReflectionInternal.framework/Versions/A/ReflectionInternal
0x00007ffc05a4e000 	/System/Library/PrivateFrameworks/RuntimeInternal.framework/Versions/A/RuntimeInternal
0x00007ffc1aaec000 	/usr/lib/swift/libswift_StringProcessing.dylib
0x00007ff804889000 	/System/Library/PrivateFrameworks/CoreServicesInternal.framework/Versions/A/CoreServicesInternal
0x00007ff80d8b7000 	/usr/lib/libbsm.0.dylib
0x00007ff80e563000 	/usr/lib/system/libkxld.dylib
0x00007ff80a053000 	/System/Library/Frameworks/CoreServices.framework/Versions/A/Frameworks/FSEvents.framework/Versions/A/FSEvents
0x00007ff80458e000 	/System/Library/Frameworks/CoreServices.framework/Versions/A/Frameworks/CarbonCore.framework/Versions/A/CarbonCore
0x00007ff809288000 	/System/Library/Frameworks/CoreServices.framework/Versions/A/Frameworks/Metadata.framework/Versions/A/Metadata
0x00007ff80e1ba000 	/System/Library/Frameworks/CoreServices.framework/Versions/A/Frameworks/OSServices.framework/Versions/A/OSServices
0x00007ff80e6a3000 	/System/Library/Frameworks/CoreServices.framework/Versions/A/Frameworks/SearchKit.framework/Versions/A/SearchKit
0x00007ff8084f1000 	/System/Library/Frameworks/CoreServices.framework/Versions/A/Frameworks/AE.framework/Versions/A/AE
0x00007ff801823000 	/System/Library/Frameworks/CoreServices.framework/Versions/A/Frameworks/LaunchServices.framework/Versions/A/LaunchServices
0x00007ff80fb7e000 	/System/Library/Frameworks/CoreServices.framework/Versions/A/Frameworks/DictionaryServices.framework/Versions/A/DictionaryServices
0x00007ff80a060000 	/System/Library/Frameworks/CoreServices.framework/Versions/A/Frameworks/SharedFileList.framework/Versions/A/SharedFileList
0x00007ff80e72e000 	/usr/lib/libapple_nghttp2.dylib
0x00007ff80815d000 	/usr/lib/libsqlite3.dylib
0x00007ff808573000 	/System/Library/Frameworks/Network.framework/Versions/A/Network
0x00007ffc19361000 	/usr/lib/libCoreEntitlements.dylib
0x00007ffb20cac000 	/System/Library/PrivateFrameworks/MessageSecurity.framework/Versions/A/MessageSecurity
0x00007ff808144000 	/System/Library/PrivateFrameworks/ProtocolBuffer.framework/Versions/A/ProtocolBuffer
0x00007ff80e0d7000 	/System/Library/PrivateFrameworks/AppleFSCompression.framework/Versions/A/AppleFSCompression
0x00007ff80d89f000 	/usr/lib/libcoretls.dylib
0x00007ff80fbec000 	/usr/lib/libcoretls_cfhelpers.dylib
0x00007ff80e75f000 	/usr/lib/libpam.2.dylib
0x00007ff80fc65000 	/usr/lib/libxar.1.dylib
0x00007ff81015b000 	/usr/lib/libheimdal-asn1.dylib
0x00007ff80658c000 	/usr/lib/libnetwork.dylib
0x00007ff80e5cc000 	/usr/lib/libpcap.A.dylib
0x00007ff808561000 	/usr/lib/libdns_services.dylib
0x00007ff80c89e000 	/System/Library/PrivateFrameworks/AppleSystemInfo.framework/Versions/A/AppleSystemInfo
0x00007ff80d5b8000 	/System/Library/PrivateFrameworks/IOMobileFramebuffer.framework/Versions/A/IOMobileFramebuffer
0x00007ffc1aa3e000 	/usr/lib/swift/libswift_RegexParser.dylib
0x00007ff80e1a5000 	/usr/lib/libbz2.1.0.dylib
0x00007ff80d895000 	/usr/lib/libCheckFix.dylib
0x00007ff8069df000 	/System/Library/PrivateFrameworks/TCC.framework/Versions/A/TCC
0x00007ff80c8a5000 	/System/Library/PrivateFrameworks/CoreNLP.framework/Versions/A/CoreNLP
0x00007ff809242000 	/System/Library/PrivateFrameworks/MetadataUtilities.framework/Versions/A/MetadataUtilities
0x00007ff80d8c7000 	/usr/lib/libmecab.dylib
0x00007ff80208d000 	/usr/lib/libCRFSuite.dylib
0x00007ff80d920000 	/usr/lib/libgermantok.dylib
0x00007ff80e709000 	/usr/lib/libThaiTokenizer.dylib
0x00007ff809328000 	/System/Library/Frameworks/Accelerate.framework/Versions/A/Frameworks/vImage.framework/Versions/A/vImage
0x00007ff815f98000 	/System/Library/Frameworks/Accelerate.framework/Versions/A/Frameworks/vecLib.framework/Versions/A/vecLib
0x00007ff80fca7000 	/System/Library/Frameworks/Accelerate.framework/Versions/A/Frameworks/vecLib.framework/Versions/A/libvMisc.dylib
0x00007ff80d3a7000 	/System/Library/Frameworks/Accelerate.framework/Versions/A/Frameworks/vecLib.framework/Versions/A/libvDSP.dylib
0x00007ff801c30000 	/System/Library/Frameworks/Accelerate.framework/Versions/A/Frameworks/vecLib.framework/Versions/A/libBLAS.dylib
0x00007ff80e847000 	/System/Library/Frameworks/Accelerate.framework/Versions/A/Frameworks/vecLib.framework/Versions/A/libLAPACK.dylib
0x00007ff80d923000 	/System/Library/Frameworks/Accelerate.framework/Versions/A/Frameworks/vecLib.framework/Versions/A/libLinearAlgebra.dylib
0x00007ff80e749000 	/System/Library/Frameworks/Accelerate.framework/Versions/A/Frameworks/vecLib.framework/Versions/A/libSparseBLAS.dylib
0x00007ff80e841000 	/System/Library/Frameworks/Accelerate.framework/Versions/A/Frameworks/vecLib.framework/Versions/A/libQuadrature.dylib
0x00007ff80c9bb000 	/System/Library/Frameworks/Accelerate.framework/Versions/A/Frameworks/vecLib.framework/Versions/A/libBNNS.dylib
0x00007ff801f8e000 	/System/Library/Frameworks/Accelerate.framework/Versions/A/Frameworks/vecLib.framework/Versions/A/libSparse.dylib
0x00007ffb1f551000 	/System/Library/PrivateFrameworks/MIL.framework/Versions/A/MIL
0x00007ff80e602000 	/usr/lib/libiconv.2.dylib
0x00007ff80e55c000 	/usr/lib/libcharset.1.dylib
0x00007ff80a037000 	/System/Library/Frameworks/OpenDirectory.framework/Versions/A/Frameworks/CFOpenDirectory.framework/Versions/A/CFOpenDirectory
0x00007ff80a02b000 	/System/Library/Frameworks/OpenDirectory.framework/Versions/A/OpenDirectory
0x00007ff80fbee000 	/System/Library/PrivateFrameworks/APFS.framework/Versions/A/APFS
0x00007ff80d7da000 	/System/Library/Frameworks/SecurityFoundation.framework/Versions/A/SecurityFoundation
0x00007ff80fc73000 	/usr/lib/libutil.dylib
0x00007ffb1d95d000 	/System/Library/PrivateFrameworks/InstalledContentLibrary.framework/Versions/A/InstalledContentLibrary
0x00007ff8048cb000 	/System/Library/PrivateFrameworks/CoreServicesStore.framework/Versions/A/CoreServicesStore
0x00007ffb0d43f000 	/System/Library/PrivateFrameworks/AppleMobileFileIntegrity.framework/Versions/A/AppleMobileFileIntegrity
0x00007ff907c17000 	/usr/lib/libmis.dylib
0x00007ff918752000 	/System/Library/PrivateFrameworks/MobileSystemServices.framework/Versions/A/MobileSystemServices
0x00007ffa15dc5000 	/System/Library/PrivateFrameworks/ConfigProfileHelper.framework/Versions/A/ConfigProfileHelper
0x00007ff80e70b000 	/System/Library/PrivateFrameworks/AppleSauce.framework/Versions/A/AppleSauce
0x00007ff802f8e000 	/System/Library/PrivateFrameworks/LanguageModeling.framework/Versions/A/LanguageModeling
0x00007ff80fc77000 	/usr/lib/libxslt.1.dylib
0x00007ff80e609000 	/usr/lib/libcmph.dylib
0x00007ff80d586000 	/System/Library/PrivateFrameworks/CoreEmoji.framework/Versions/A/CoreEmoji
0x00007ff80c9b5000 	/System/Library/PrivateFrameworks/LinguisticData.framework/Versions/A/LinguisticData
0x00007ff801ea5000 	/System/Library/PrivateFrameworks/Lexicon.framework/Versions/A/Lexicon
0x00007ff80d863000 	/System/Library/PrivateFrameworks/BackgroundTaskManagement.framework/Versions/A/BackgroundTaskManagement
0x00007ffc194d0000 	/usr/lib/libTLE.dylib
0x00007ff81061d000 	/System/Library/PrivateFrameworks/AppleJPEG.framework/Versions/A/AppleJPEG
0x00007ff810140000 	/usr/lib/libexpat.1.dylib
0x00007ff810d4c000 	/System/Library/Frameworks/ImageIO.framework/Versions/A/Resources/libPng.dylib
0x00007ff810d79000 	/System/Library/Frameworks/ImageIO.framework/Versions/A/Resources/libTIFF.dylib
0x00007ff810e6e000 	/System/Library/Frameworks/ImageIO.framework/Versions/A/Resources/libGIF.dylib
0x00007ff810669000 	/System/Library/Frameworks/ImageIO.framework/Versions/A/Resources/libJP2.dylib
0x00007ff810e0d000 	/System/Library/Frameworks/ImageIO.framework/Versions/A/Resources/libJPEG.dylib
0x00007ff810e04000 	/System/Library/Frameworks/ImageIO.framework/Versions/A/Resources/libRadiance.dylib
0x00007ff80bc8d000 	/System/Library/PrivateFrameworks/FontServices.framework/libFontParser.dylib
0x00007ff80848e000 	/System/Library/PrivateFrameworks/RunningBoardServices.framework/Versions/A/RunningBoardServices
0x00007ff81cbb9000 	/System/Library/PrivateFrameworks/IOSurfaceAccelerator.framework/Versions/A/IOSurfaceAccelerator
0x00007ff810757000 	/System/Library/PrivateFrameworks/WatchdogClient.framework/Versions/A/WatchdogClient
0x00007ff80315b000 	/System/Library/Frameworks/CoreDisplay.framework/Versions/A/CoreDisplay
0x00007ff80bb5c000 	/System/Library/Frameworks/CoreMedia.framework/Versions/A/CoreMedia
0x00007ff80b8fe000 	/System/Library/PrivateFrameworks/IOAccelerator.framework/Versions/A/IOAccelerator
0x00007ff80a1b4000 	/System/Library/Frameworks/CoreVideo.framework/Versions/A/CoreVideo
0x00007ff80e75d000 	/System/Library/Frameworks/MetalPerformanceShaders.framework/Versions/A/MetalPerformanceShaders
0x00007ff810796000 	/System/Library/Frameworks/VideoToolbox.framework/Versions/A/VideoToolbox
0x00007ff80a241000 	/System/Library/PrivateFrameworks/UserManagement.framework/Versions/A/UserManagement
0x00007ff8083b7000 	/System/Library/PrivateFrameworks/BaseBoard.framework/Versions/A/BaseBoard
0x00007ff80c89d000 	/System/Library/PrivateFrameworks/AggregateDictionary.framework/Versions/A/AggregateDictionary
0x00007ffb0d23d000 	/System/Library/PrivateFrameworks/AppleKeyStore.framework/Versions/A/AppleKeyStore
0x00007ff810dfd000 	/System/Library/PrivateFrameworks/GPUWrangler.framework/Versions/A/GPUWrangler
0x00007ff810de1000 	/System/Library/PrivateFrameworks/IOPresentment.framework/Versions/A/IOPresentment
0x00007ff810e07000 	/System/Library/PrivateFrameworks/DSExternalDisplay.framework/Versions/A/DSExternalDisplay
0x00007ffb1992d000 	/System/Library/PrivateFrameworks/GPUCompiler.framework/Versions/32023/Libraries/libllvm-flatbuffers.dylib
0x00007ffa1daa9000 	/System/Library/Frameworks/OpenGL.framework/Versions/A/Libraries/libCoreFSCache.dylib
0x00007ffb16423000 	/System/Library/PrivateFrameworks/GPUCompiler.framework/Versions/32023/Libraries/libGPUCompilerUtils.dylib
0x00007ff810e74000 	/System/Library/PrivateFrameworks/CMCaptureCore.framework/Versions/A/CMCaptureCore
0x00007ffb0601e000 	/System/Library/Frameworks/ExtensionFoundation.framework/Versions/A/ExtensionFoundation
0x00007ff81817f000 	/System/Library/PrivateFrameworks/CoreTime.framework/Versions/A/CoreTime
0x00007ff81030b000 	/System/Library/PrivateFrameworks/AppServerSupport.framework/Versions/A/AppServerSupport
0x00007ff8128af000 	/System/Library/PrivateFrameworks/perfdata.framework/Versions/A/perfdata
0x00007ff803289000 	/System/Library/PrivateFrameworks/AudioToolboxCore.framework/Versions/A/AudioToolboxCore
0x00007ff80bb36000 	/System/Library/PrivateFrameworks/caulk.framework/Versions/A/caulk
0x00007ff812147000 	/usr/lib/libAudioStatistics.dylib
0x00007ff906fb8000 	/System/Library/PrivateFrameworks/SystemPolicy.framework/Versions/A/SystemPolicy
0x00007ff812409000 	/usr/lib/libSMC.dylib
0x00007ff81c242000 	/System/Library/Frameworks/CoreMIDI.framework/Versions/A/CoreMIDI
0x00007ff810d13000 	/usr/lib/libAudioToolboxUtility.dylib
0x00007ff9025bc000 	/System/Library/PrivateFrameworks/OSAServicesClient.framework/Versions/A/OSAServicesClient
0x00007ff8128bd000 	/usr/lib/libperfcheck.dylib
0x00007ff817c2a000 	/System/Library/PrivateFrameworks/BoardServices.framework/Versions/A/BoardServices
0x00007ff810020000 	/System/Library/PrivateFrameworks/PlugInKit.framework/Versions/A/PlugInKit
0x00007ff80d7cd000 	/System/Library/PrivateFrameworks/AssertionServices.framework/Versions/A/AssertionServices
0x00007ffa04650000 	/System/Library/PrivateFrameworks/Symbolication.framework/Versions/A/Symbolication
0x00007ffc04470000 	/System/Library/PrivateFrameworks/PhotosensitivityProcessing.framework/Versions/A/PhotosensitivityProcessing
0x00007ffa1f0cb000 	/System/Library/Frameworks/OpenCL.framework/Versions/A/OpenCL
0x00007ff8102b6000 	/System/Library/PrivateFrameworks/GraphVisualizer.framework/Versions/A/GraphVisualizer
0x00007ffa1db06000 	/System/Library/Frameworks/OpenGL.framework/Versions/A/Libraries/libGLU.dylib
0x00007ffa1dac8000 	/System/Library/Frameworks/OpenGL.framework/Versions/A/Libraries/libGFXShared.dylib
0x00007ffa1dcc4000 	/System/Library/Frameworks/OpenGL.framework/Versions/A/Libraries/libGL.dylib
0x00007ffa1dad0000 	/System/Library/Frameworks/OpenGL.framework/Versions/A/Libraries/libGLImage.dylib
0x00007ffa1dac5000 	/System/Library/Frameworks/OpenGL.framework/Versions/A/Libraries/libCVMSPluginSupport.dylib
0x00007ffc1948c000 	/usr/lib/libRosetta.dylib
0x00007ffa1dab0000 	/System/Library/Frameworks/OpenGL.framework/Versions/A/Libraries/libCoreVMClient.dylib
0x00007ffb1455b000 	/System/Library/PrivateFrameworks/FontServices.framework/Versions/A/FontServices
0x00007ff8102c5000 	/System/Library/PrivateFrameworks/OTSVG.framework/Versions/A/OTSVG
0x00007ff809d6f000 	/System/Library/Frameworks/ApplicationServices.framework/Versions/A/Frameworks/ATS.framework/Versions/A/Resources/libFontRegistry.dylib
0x00007ff810316000 	/System/Library/PrivateFrameworks/FontServices.framework/libhvf.dylib
0x00007ffb1455c000 	/System/Library/PrivateFrameworks/FontServices.framework/libXTFontStaticRegistryData.dylib
0x00007ff80c7dc000 	/System/Library/Frameworks/MetalPerformanceShaders.framework/Versions/A/Frameworks/MPSCore.framework/Versions/A/MPSCore
0x00007ff80e031000 	/System/Library/Frameworks/MetalPerformanceShaders.framework/Versions/A/Frameworks/MPSImage.framework/Versions/A/MPSImage
0x00007ff80d939000 	/System/Library/Frameworks/MetalPerformanceShaders.framework/Versions/A/Frameworks/MPSNeuralNetwork.framework/Versions/A/MPSNeuralNetwork
0x00007ff80dea8000 	/System/Library/Frameworks/MetalPerformanceShaders.framework/Versions/A/Frameworks/MPSMatrix.framework/Versions/A/MPSMatrix
0x00007ff80dc5a000 	/System/Library/Frameworks/MetalPerformanceShaders.framework/Versions/A/Frameworks/MPSRayIntersector.framework/Versions/A/MPSRayIntersector
0x00007ff80dee7000 	/System/Library/Frameworks/MetalPerformanceShaders.framework/Versions/A/Frameworks/MPSNDArray.framework/Versions/A/MPSNDArray
0x00007ffb07739000 	/System/Library/Frameworks/MetalPerformanceShaders.framework/Versions/A/Frameworks/MPSFunctions.framework/Versions/A/MPSFunctions
0x00007ffb0771c000 	/System/Library/Frameworks/MetalPerformanceShaders.framework/Versions/A/Frameworks/MPSBenchmarkLoop.framework/Versions/A/MPSBenchmarkLoop
0x00007ff801ae0000 	/System/Library/PrivateFrameworks/MetalTools.framework/Versions/A/MetalTools
0x00007ff90c337000 	/System/Library/PrivateFrameworks/IOAccelMemoryInfo.framework/Versions/A/IOAccelMemoryInfo
0x00007ff918652000 	/System/Library/PrivateFrameworks/kperf.framework/Versions/A/kperf
0x00007ff907c39000 	/System/Library/PrivateFrameworks/GPURawCounter.framework/Versions/A/GPURawCounter
0x00007ff818054000 	/System/Library/PrivateFrameworks/CoreSymbolication.framework/Versions/A/CoreSymbolication
0x00007ff907be9000 	/System/Library/PrivateFrameworks/MallocStackLogging.framework/Versions/A/MallocStackLogging
0x00007ff80fec5000 	/System/Library/PrivateFrameworks/CrashReporterSupport.framework/Versions/A/CrashReporterSupport
0x00007ff818015000 	/System/Library/PrivateFrameworks/DebugSymbols.framework/Versions/A/DebugSymbols
0x00007ff917067000 	/System/Library/PrivateFrameworks/OSAnalytics.framework/Versions/A/OSAnalytics
0x00007ffc107b2000 	/System/Library/PrivateFrameworks/VideoToolboxParavirtualizationSupport.framework/Versions/A/VideoToolboxParavirtualizationSupport
0x00007ff8100f2000 	/System/Library/PrivateFrameworks/AppleVA.framework/Versions/A/AppleVA
0x00007ff812187000 	/System/Library/Frameworks/ApplicationServices.framework/Versions/A/Frameworks/ATS.framework/Versions/A/ATS
0x00007ff8077c7000 	/System/Library/Frameworks/ApplicationServices.framework/Versions/A/Frameworks/HIServices.framework/Versions/A/HIServices
0x00007ff810e82000 	/System/Library/Frameworks/ApplicationServices.framework/Versions/A/Frameworks/PrintCore.framework/Versions/A/PrintCore
0x00007ff81255d000 	/System/Library/Frameworks/ApplicationServices.framework/Versions/A/Frameworks/QD.framework/Versions/A/QD
0x00007ff812556000 	/System/Library/Frameworks/ApplicationServices.framework/Versions/A/Frameworks/ColorSyncLegacy.framework/Versions/A/ColorSyncLegacy
0x00007ff81215d000 	/System/Library/Frameworks/ApplicationServices.framework/Versions/A/Frameworks/SpeechSynthesis.framework/Versions/A/SpeechSynthesis
0x00007ff810e3e000 	/System/Library/Frameworks/ApplicationServices.framework/Versions/A/Frameworks/ATSUI.framework/Versions/A/ATSUI
0x00007ff8124e8000 	/usr/lib/libcups.2.dylib
0x00007ff8128cc000 	/System/Library/Frameworks/Kerberos.framework/Versions/A/Kerberos
0x00007ff8128db000 	/System/Library/Frameworks/GSS.framework/Versions/A/GSS
0x00007ff812200000 	/usr/lib/libresolv.9.dylib
0x00007ff810328000 	/System/Library/PrivateFrameworks/Heimdal.framework/Versions/A/Heimdal
0x00007ff81a095000 	/System/Library/Frameworks/Kerberos.framework/Versions/A/Libraries/libHeimdalProxy.dylib
0x00007ff812928000 	/System/Library/PrivateFrameworks/CommonAuth.framework/Versions/A/CommonAuth
0x00007ffb04f52000 	/System/Library/Frameworks/AVFAudio.framework/Versions/A/AVFAudio
0x00007ff902603000 	/System/Library/PrivateFrameworks/AXCoreUtilities.framework/Versions/A/AXCoreUtilities
0x00007ffb1ecfa000 	/System/Library/PrivateFrameworks/IsolatedCoreAudioClient.framework/Versions/A/IsolatedCoreAudioClient
0x00007ff8120ce000 	/System/Library/PrivateFrameworks/AudioSession.framework/Versions/A/AudioSession
0x00007ff813bfc000 	/System/Library/Frameworks/IOBluetooth.framework/Versions/A/IOBluetooth
0x00007ff810200000 	/System/Library/PrivateFrameworks/MediaExperience.framework/Versions/A/MediaExperience
0x00007ff811f21000 	/System/Library/PrivateFrameworks/AudioSession.framework/libSessionUtility.dylib
0x00007ff812568000 	/System/Library/PrivateFrameworks/AudioResourceArbitration.framework/Versions/A/AudioResourceArbitration
0x00007ff816cc0000 	/System/Library/PrivateFrameworks/PowerLog.framework/Versions/A/PowerLog
0x00007ff816bdd000 	/System/Library/Frameworks/CoreBluetooth.framework/Versions/A/CoreBluetooth
0x00007ff81a096000 	/System/Library/Frameworks/AudioUnit.framework/Versions/A/AudioUnit
0x00007ff80d640000 	/System/Library/PrivateFrameworks/CoreUtils.framework/Versions/A/CoreUtils
0x00007ffb12a84000 	/System/Library/PrivateFrameworks/CoreUtilsExtras.framework/Versions/A/CoreUtilsExtras
0x00007ffb1d7f1000 	/System/Library/PrivateFrameworks/IO80211.framework/Versions/A/IO80211
0x00007ff817b6c000 	/System/Library/PrivateFrameworks/FrontBoardServices.framework/Versions/A/FrontBoardServices
0x00007ff81967e000 	/System/Library/PrivateFrameworks/BackBoardServices.framework/Versions/A/BackBoardServices
0x00007ff810164000 	/System/Library/PrivateFrameworks/IconFoundation.framework/Versions/A/IconFoundation
0x00007ff815bde000 	/System/Library/PrivateFrameworks/SpeechRecognitionCore.framework/Versions/A/SpeechRecognitionCore
0x00007ff90261c000 	/usr/lib/libAccessibility.dylib
0x00007ff8162d3000 	/System/Library/Frameworks/MediaAccessibility.framework/Versions/A/MediaAccessibility
0x00007ffa07fd0000 	/System/Library/Frameworks/OSLog.framework/Versions/A/OSLog
0x00007ff907b74000 	/System/Library/PrivateFrameworks/LoggingSupport.framework/Versions/A/LoggingSupport
0x0000000104fc5000 	/Library/Java/JavaVirtualMachines/jdk1.8.0_231.jdk/Contents/Home/jre/lib/server/libjvm.dylib
0x00007ff907b22000 	/usr/lib/libstdc++.6.dylib
0x0000000103ac8000 	/Library/Java/JavaVirtualMachines/jdk1.8.0_231.jdk/Contents/Home/jre/lib/libverify.dylib
0x0000000103f37000 	/Library/Java/JavaVirtualMachines/jdk1.8.0_231.jdk/Contents/Home/jre/lib/libjava.dylib
0x0000000103adf000 	/Library/Java/JavaVirtualMachines/jdk1.8.0_231.jdk/Contents/Home/jre/lib/libzip.dylib
0x0000000104e70000 	/Library/Java/JavaVirtualMachines/jdk1.8.0_231.jdk/Contents/Home/jre/lib/libawt.dylib
0x00000001204b2000 	/Library/Java/JavaVirtualMachines/jdk1.8.0_231.jdk/Contents/Home/jre/lib/libmlib_image.dylib
0x00007ffb06b52000 	/System/Library/Frameworks/JavaNativeFoundation.framework/Versions/A/JavaNativeFoundation
0x00007ffb06b5b000 	/System/Library/Frameworks/JavaRuntimeSupport.framework/Versions/A/JavaRuntimeSupport
0x00007ff90695c000 	/System/Library/Frameworks/Carbon.framework/Versions/A/Carbon
0x00007ff81e343000 	/System/Library/Frameworks/Carbon.framework/Versions/A/Frameworks/CommonPanels.framework/Versions/A/CommonPanels
0x00007ff8199aa000 	/System/Library/Frameworks/Carbon.framework/Versions/A/Frameworks/Help.framework/Versions/A/Help
0x00007ff81e347000 	/System/Library/Frameworks/Carbon.framework/Versions/A/Frameworks/ImageCapture.framework/Versions/A/ImageCapture
0x00007ff81e324000 	/System/Library/Frameworks/Carbon.framework/Versions/A/Frameworks/OpenScripting.framework/Versions/A/OpenScripting
0x00007ff81e342000 	/System/Library/Frameworks/Carbon.framework/Versions/A/Frameworks/Ink.framework/Versions/A/Ink
0x00007ff81e33f000 	/System/Library/Frameworks/Carbon.framework/Versions/A/Frameworks/SecurityHI.framework/Versions/A/SecurityHI
0x000000012057e000 	/Library/Java/JavaVirtualMachines/jdk1.8.0_231.jdk/Contents/Home/jre/lib/libawt_lwawt.dylib
0x0000000103fd9000 	/Library/Java/JavaVirtualMachines/jdk1.8.0_231.jdk/Contents/Home/jre/lib/libosxapp.dylib
0x00007ff90590f000 	/System/Library/Frameworks/ExceptionHandling.framework/Versions/A/ExceptionHandling
0x00007ff8172a2000 	/System/Library/Frameworks/FileProvider.framework/Versions/A/FileProvider
0x00007ff80831f000 	/System/Library/Frameworks/Accounts.framework/Versions/A/Accounts
0x00007ff817457000 	/System/Library/PrivateFrameworks/GenerationalStorage.framework/Versions/A/GenerationalStorage
0x00007ff816cb5000 	/System/Library/PrivateFrameworks/SymptomDiagnosticReporter.framework/Versions/A/SymptomDiagnosticReporter
0x00007ff806056000 	/System/Library/PrivateFrameworks/DesktopServicesPriv.framework/Versions/A/DesktopServicesPriv
0x00007ff8049df000 	/usr/lib/libsandbox.1.dylib
0x00007ff81254b000 	/System/Library/PrivateFrameworks/NetAuth.framework/Versions/A/NetAuth
0x00007ff8138a7000 	/System/Library/PrivateFrameworks/Sharing.framework/Versions/A/Sharing
0x00007ff80a206000 	/System/Library/PrivateFrameworks/login.framework/Versions/A/Frameworks/loginsupport.framework/Versions/A/loginsupport
0x00007ff8194d0000 	/System/Library/PrivateFrameworks/Apple80211.framework/Versions/A/Apple80211
0x00007ff80e1e7000 	/System/Library/PrivateFrameworks/AuthKit.framework/Versions/A/AuthKit
0x00007ff8194d1000 	/System/Library/PrivateFrameworks/CoreWiFi.framework/Versions/A/CoreWiFi
0x00007ff80d5c7000 	/System/Library/Frameworks/CoreWLAN.framework/Versions/A/CoreWLAN
0x00007ff907c3c000 	/usr/lib/swift/libswiftCoreAudio.dylib
0x00007ff90d117000 	/usr/lib/swift/libswiftCoreLocation.dylib
0x00007ff80febc000 	/usr/lib/libIOReport.dylib
0x00007ffa0eb8b000 	/System/Library/PrivateFrameworks/WiFiPeerToPeer.framework/Versions/A/WiFiPeerToPeer
0x00007ff80e394000 	/System/Library/Frameworks/UserNotifications.framework/Versions/A/UserNotifications
0x00007ff812a67000 	/System/Library/PrivateFrameworks/CorePhoneNumbers.framework/Versions/A/CorePhoneNumbers
0x00007ff81222c000 	/System/Library/PrivateFrameworks/MultiverseSupport.framework/Versions/A/MultiverseSupport
0x00007ff8198fd000 	/System/Library/PrivateFrameworks/RemoteServiceDiscovery.framework/Versions/A/RemoteServiceDiscovery
0x00007ff816dcf000 	/System/Library/PrivateFrameworks/DiskManagement.framework/Versions/A/DiskManagement
0x00007ff816ce8000 	/System/Library/PrivateFrameworks/AppleIDAuthSupport.framework/Versions/A/AppleIDAuthSupport
0x00007ffb0b26d000 	/System/Library/PrivateFrameworks/AAAFoundation.framework/Versions/A/AAAFoundation
0x00007ff812a3b000 	/System/Library/PrivateFrameworks/KeychainCircle.framework/Versions/A/KeychainCircle
0x00007ff81990e000 	/System/Library/PrivateFrameworks/RemoteXPC.framework/Versions/A/RemoteXPC
0x00007ff8199b2000 	/usr/lib/libcsfde.dylib
0x00007ff81006a000 	/usr/lib/libCoreStorage.dylib
0x00007ff816d9c000 	/System/Library/PrivateFrameworks/MediaKit.framework/Versions/A/MediaKit
0x00007ff816cf4000 	/System/Library/Frameworks/DiscRecording.framework/Versions/A/DiscRecording
0x00007ff813cd1000 	/System/Library/PrivateFrameworks/ProtectedCloudStorage.framework/Versions/A/ProtectedCloudStorage
0x00007ff8199ae000 	/System/Library/PrivateFrameworks/EFILogin.framework/Versions/A/EFILogin
0x00007ff81747f000 	/System/Library/PrivateFrameworks/OctagonTrust.framework/Versions/A/OctagonTrust
0x00007ff80b7aa000 	/System/Library/Frameworks/CoreLocation.framework/Versions/A/CoreLocation
0x00007ff813f2e000 	/System/Library/PrivateFrameworks/GeoServices.framework/Versions/A/GeoServices
0x00007ff811eed000 	/System/Library/PrivateFrameworks/LocationSupport.framework/Versions/A/LocationSupport
0x00007ffb1a538000 	/System/Library/PrivateFrameworks/GeoServicesCore.framework/Versions/A/GeoServicesCore
0x00007ff9025fa000 	/System/Library/PrivateFrameworks/PhoneNumbers.framework/Versions/A/PhoneNumbers
0x00007ff810062000 	/usr/lib/libMatch.1.dylib
0x00007ff910831000 	/System/Library/CoreServices/RawCamera.bundle/Contents/MacOS/RawCamera
0x00007ff812938000 	/System/Library/PrivateFrameworks/MobileAsset.framework/Versions/A/MobileAsset
0x00007ffb0cfaf000 	/System/Library/PrivateFrameworks/AppleJPEGXL.framework/Versions/A/AppleJPEGXL
0x00007ff90da7d000 	/System/Library/PrivateFrameworks/SoftwareUpdateCoreSupport.framework/Versions/A/SoftwareUpdateCoreSupport
0x00007ff91514f000 	/System/Library/PrivateFrameworks/SoftwareUpdateCoreConnect.framework/Versions/A/SoftwareUpdateCoreConnect
0x00007ff81a0b5000 	/System/Library/PrivateFrameworks/StreamingZip.framework/Versions/A/StreamingZip
0x00007ff90d710000 	/System/Library/PrivateFrameworks/MSUDataAccessor.framework/Versions/A/MSUDataAccessor
0x00007ff90979d000 	/usr/lib/libbootpolicy.dylib
0x00007ff91c560000 	/usr/lib/libpartition2_dynamic.dylib
0x00007ffb0e8ef000 	/System/Library/PrivateFrameworks/CMPhoto.framework/Versions/A/CMPhoto
0x00007ff817ee9000 	/System/Library/PrivateFrameworks/AppleVPA.framework/Versions/A/AppleVPA
0x00007ff811074000 	/System/Library/Frameworks/MediaToolbox.framework/Versions/A/MediaToolbox
0x00007ff817274000 	/System/Library/PrivateFrameworks/CoreAVCHD.framework/Versions/A/CoreAVCHD
0x00007ff817270000 	/System/Library/PrivateFrameworks/Mangrove.framework/Versions/A/Mangrove
0x00007ff81780c000 	/System/Library/Frameworks/CoreTelephony.framework/Versions/A/CoreTelephony
0x00007ff816eb5000 	/System/Library/PrivateFrameworks/CoreAUC.framework/Versions/A/CoreAUC
0x00007ff812a70000 	/usr/lib/libTelephonyUtilDynamic.dylib
0x00007ff90d0f8000 	/System/Library/Frameworks/Accelerate.framework/Versions/A/Frameworks/vImage.framework/Versions/A/Libraries/libCGInterfaces.dylib
0x0000000120480000 	/usr/lib/libobjc-trampolines.dylib
0x00007ffc19211000 	/usr/lib/libAccessibilityBaseImplementations.dylib
0x00007ffb048d7000 	/System/Library/Extensions/AMDRadeonX6000MTLDriver.bundle/Contents/MacOS/AMDRadeonX6000MTLDriver
0x00007ffa16c47000 	/System/Library/Extensions/AppleIntelKBLGraphicsMTLDriver.bundle/Contents/MacOS/AppleIntelKBLGraphicsMTLDriver
0x00007ff8103de000 	/System/Library/PrivateFrameworks/login.framework/Versions/A/login
0x00007ff817d3c000 	/System/Library/Frameworks/LocalAuthentication.framework/Versions/A/LocalAuthentication
0x00007ffb1f410000 	/System/Library/PrivateFrameworks/LocalAuthenticationCore.framework/Versions/A/LocalAuthenticationCore
0x00007ff817d82000 	/System/Library/Frameworks/LocalAuthentication.framework/Support/SharedUtils.framework/Versions/A/SharedUtils
0x00007ff817cda000 	/System/Library/Frameworks/CryptoTokenKit.framework/Versions/A/CryptoTokenKit
0x00007ff81cbc2000 	/System/Library/PrivateFrameworks/FamilyControls.framework/Versions/A/FamilyControls
0x00007ff81cbe5000 	/System/Library/PrivateFrameworks/CommerceKit.framework/Versions/A/Frameworks/CommerceCore.framework/Versions/A/CommerceCore
0x00007ff816309000 	/System/Library/PrivateFrameworks/SystemAdministration.framework/Versions/A/SystemAdministration
0x00007ff813cb5000 	/System/Library/PrivateFrameworks/AppContainer.framework/Versions/A/AppContainer
0x00007ff813ccd000 	/System/Library/PrivateFrameworks/SecCodeWrapper.framework/Versions/A/SecCodeWrapper
0x00007ff815bab000 	/System/Library/Frameworks/DirectoryService.framework/Versions/A/DirectoryService
0x00007ff819813000 	/System/Library/PrivateFrameworks/DiskImages.framework/Versions/A/DiskImages
0x00007ff80d888000 	/System/Library/Frameworks/ServiceManagement.framework/Versions/A/ServiceManagement
0x00007ff819a3e000 	/System/Library/PrivateFrameworks/LoginUIKit.framework/Versions/A/Frameworks/LoginUICore.framework/Versions/A/LoginUICore
0x00007ff8105a4000 	/usr/lib/libodfde.dylib
0x00007ff8199bd000 	/usr/lib/libcurl.4.dylib
0x00007ffc19987000 	/usr/lib/libcrypto.46.dylib
0x00007ffc1a654000 	/usr/lib/libssl.48.dylib
0x00007ff8196a2000 	/System/Library/Frameworks/LDAP.framework/Versions/A/LDAP
0x00007ff8196dd000 	/System/Library/PrivateFrameworks/TrustEvaluationAgent.framework/Versions/A/TrustEvaluationAgent
0x00007ff812219000 	/usr/lib/libsasl2.2.dylib
0x00007ff809f1b000 	/System/Library/PrivateFrameworks/ViewBridge.framework/Versions/A/ViewBridge
0x0000000123eee000 	/Library/Java/JavaVirtualMachines/jdk1.8.0_231.jdk/Contents/Home/jre/lib/libnio.dylib
0x0000000123f15000 	/Library/Java/JavaVirtualMachines/jdk1.8.0_231.jdk/Contents/Home/jre/lib/libnet.dylib
0x0000000123f94000 	/Library/Java/JavaVirtualMachines/jdk1.8.0_231.jdk/Contents/Home/jre/lib/libfontmanager.dylib
0x000000012407e000 	/Users/Erik/Desktop/minecute/libraries/natives/liblwjgl.dylib
0x0000000123ee5000 	/Library/Java/JavaVirtualMachines/jdk1.8.0_231.jdk/Contents/Home/jre/lib/libjawt.dylib
0x00007ffa1dccf000 	/System/Library/Frameworks/OpenGL.framework/Versions/A/Resources/GLEngine.bundle/GLEngine
0x00007ffa1db43000 	/System/Library/Frameworks/OpenGL.framework/Versions/A/Libraries/libGLProgrammability.dylib
0x00007ffa18adf000 	/System/Library/Extensions/AppleIntelKBLGraphicsGLDriver.bundle/Contents/MacOS/AppleIntelKBLGraphicsGLDriver
0x00007ff914747000 	/System/Library/PrivateFrameworks/GPUSupport.framework/Versions/A/Libraries/libGPUSupportMercury.dylib
0x00000001242bf000 	/System/Library/Extensions/AMDRadeonX6000GLDriver.bundle/Contents/MacOS/AMDRadeonX6000GLDriver
0x00007ffb0488a000 	/System/Library/Extensions/AMDRadeonX6000GLDriver.bundle/Contents/MacOS/ATIRadeonX6000SCLib.dylib
0x00007ffa172be000 	/System/Library/Extensions/AMDShared.bundle/Contents/PlugIns/libSC.dylib
0x00007ffa1de3f000 	/System/Library/Frameworks/OpenGL.framework/Versions/A/Resources/GLRendererFloat.bundle/GLRendererFloat

VM Arguments:
jvm_args: -Djava.library.path=/Users/Erik/Desktop/minecute/libraries/natives -Dfile.encoding=UTF-8 
java_command: org.mcphackers.launchwrapper.Launch --gameDir SAVE_DATA/game --assetsDir SAVE_DATA/game/assets --resourcesProxyPort 11702 --skinProxy pre-b1.9-pre4
java_class_path (initial): /Users/Erik/Desktop/minecute/minecraft/output:/Users/Erik/Desktop/minecute/libraries/org/mcphackers/launchwrapper/1.0/launchwrapper-1.0.jar:/Users/Erik/Desktop/minecute/libraries/org/ow2/asm/asm-tree/9.2/asm-tree-9.2.jar:/Users/Erik/Desktop/minecute/libraries/org/ow2/asm/asm/9.2/asm-9.2.jar:/Users/Erik/Desktop/minecute/libraries/org/lwjgl/lwjgl/lwjgl/2.9.4/lwjgl-2.9.4.jar:/Users/Erik/Desktop/minecute/libraries/org/lwjgl/lwjgl/lwjgl_util/2.9.4/lwjgl_util-2.9.4.jar:/Users/Erik/Desktop/minecute/libraries/org/json/json/20230311/json-20230311.jar:/Users/Erik/Desktop/minecute/libraries/net/java/jinput/jinput/2.0.5/jinput-2.0.5.jar:/Users/Erik/Desktop/minecute/libraries/net/java/jutils/jutils/1.0.0/jutils-1.0.0.jar:/Users/Erik/Desktop/minecute/libraries/com/paulscode/codecjorbis/20230120/codecjorbis-20230120.jar:/Users/Erik/Desktop/minecute/libraries/com/paulscode/codecwav/20101023/codecwav-20101023.jar:/Users/Erik/Desktop/minecute/libraries/com/paulscode/libraryjavasound/20101123/libraryjavasound-20101123.jar:/Users/Erik/Desktop/minecute/libraries/com/paulscode/librarylwjglopenal/20100824/librarylwjglopenal-20100824.jar:/Users/Erik/Desktop/minecute/libraries/com/paulscode/soundsystem/20120107/soundsystem-20120107.jar:/Users/Erik/Desktop/minecute/libraries/org/mcphackers/rdi/rdi/1.0/rdi-1.0.jar:/Users/Erik/Desktop/minecute/minecraft/jars/deobfuscated.jar
Launcher Type: SUN_STANDARD

Environment Variables:
PATH=/usr/bin:/bin:/usr/sbin:/sbin
SHELL=/bin/bash
DISPLAY=/private/tmp/com.apple.launchd.0zKm6o0etC/org.macosforge.xquartz:0

Signal Handlers:
SIGSEGV: [libjvm.dylib+0x5b7e2b], sa_mask[0]=11111111011111110111111111111111, sa_flags=SA_ONSTACK|SA_RESTART|SA_SIGINFO
SIGBUS: [libjvm.dylib+0x5b7e2b], sa_mask[0]=11111111011111110111111111111111, sa_flags=SA_RESTART|SA_SIGINFO
SIGFPE: [libjvm.dylib+0x48c6ec], sa_mask[0]=11111111011111110111111111111111, sa_flags=SA_RESTART|SA_SIGINFO
SIGPIPE: [libjvm.dylib+0x48c6ec], sa_mask[0]=11111111011111110111111111111111, sa_flags=SA_RESTART|SA_SIGINFO
SIGXFSZ: [libjvm.dylib+0x48c6ec], sa_mask[0]=11111111011111110111111111111111, sa_flags=SA_RESTART|SA_SIGINFO
SIGILL: [libjvm.dylib+0x48c6ec], sa_mask[0]=11111111011111110111111111111111, sa_flags=SA_RESTART|SA_SIGINFO
SIGUSR1: SIG_DFL, sa_mask[0]=00000000000000000000000000000000, sa_flags=none
SIGUSR2: [libjvm.dylib+0x48c20a], sa_mask[0]=00100000000000000000000000000000, sa_flags=SA_RESTART|SA_SIGINFO
SIGHUP: [libjvm.dylib+0x48a795], sa_mask[0]=11111111011111110111111111111111, sa_flags=SA_RESTART|SA_SIGINFO
SIGINT: [libjvm.dylib+0x48a795], sa_mask[0]=11111111011111110111111111111111, sa_flags=SA_RESTART|SA_SIGINFO
SIGTERM: [libjvm.dylib+0x48a795], sa_mask[0]=11111111011111110111111111111111, sa_flags=SA_RESTART|SA_SIGINFO
SIGQUIT: [libjvm.dylib+0x48a795], sa_mask[0]=11111111011111110111111111111111, sa_flags=SA_RESTART|SA_SIGINFO


---------------  S Y S T E M  ---------------

OS:Bsduname:Darwin 23.5.0 Darwin Kernel Version 23.5.0: Wed May  1 20:09:52 PDT 2024; root:xnu-10063.121.3~5/RELEASE_X86_64 x86_64
rlimit: STACK 8192k, CORE 0k, NPROC 2784, NOFILE 12544, AS infinity
load average:2.82 2.32 2.09

CPU:total 12 (initial active 12) (6 cores per cpu, 2 threads per core) family 6 model 158 stepping 10, cmov, cx8, fxsr, mmx, sse, sse2, sse3, ssse3, sse4.1, sse4.2, popcnt, avx, avx2, aes, clmul, erms, 3dnowpref, lzcnt, ht, tsc, tscinvbit, bmi1, bmi2, adx

Memory: 4k page, physical 16777216k(973336k free)

/proc/meminfo:


vm_info: Java HotSpot(TM) 64-Bit Server VM (25.231-b11) for bsd-amd64 JRE (1.8.0_231-b11), built on Oct  5 2019 03:15:25 by "java_re" with gcc 4.2.1 (Based on Apple Inc. build 5658) (LLVM build 2336.11.00)

time: Thu Aug  1 20:32:33 2024
timezone: EDT
elapsed time: 0 seconds (0d 0h 0m 0s)

