#
# A fatal error has been detected by the Java Runtime Environment:
#
#  SIGSEGV (0xb) at pc=0x00007ff800f5b8af, pid=8539, tid=0x0000000000014d03
#
# JRE version: Java(TM) SE Runtime Environment (8.0_231-b11) (build 1.8.0_231-b11)
# Java VM: Java HotSpot(TM) 64-Bit Server VM (25.231-b11 mixed mode bsd-amd64 compressed oops)
# Problematic frame:
# C  [libobjc.A.dylib+0x88af]  objc_release+0x1f
#
# Failed to write core dump. Core dumps have been disabled. To enable core dumping, try "ulimit -c unlimited" before starting Java again
#
# If you would like to submit a bug report, please visit:
#   http://bugreport.java.com/bugreport/crash.jsp
# The crash happened outside the Java Virtual Machine in native code.
# See problematic frame for where to report the bug.
#

---------------  T H R E A D  ---------------

Current thread (0x00007fec5d289800):  JavaThread "Minecraft main thread" [_thread_in_native, id=85251, stack(0x000070000d46c000,0x000070000d56c000)]

siginfo: si_signo: 11 (SIGSEGV), si_code: 1 (SEGV_MAPERR), si_addr: 0x00005557e2ad1850

Registers:
RAX=0x00005557e2ad1830, RBX=0x00007fec5e375000, RCX=0x00007ffffffffff8, RDX=0x00005557e2ad1830
RSP=0x000070000d56b468, RBP=0x000070000d56b4a0, RSI=0x00007fec5d82b1c0, RDI=0x0000600000191830
R8 =0xffff8013a27ddf10, R9 =0x00007fec5d8220f0, R10=0x00007fec5d82b2a0, R11=0x000000000000000e
R12=0xa3a3a3a3a3a3a3a3, R13=0x0000000000000001, R14=0x00007fec5e375078, R15=0x0000600000191830
RIP=0x00007ff800f5b8af, EFLAGS=0x0000000000010206, ERR=0x0000000000000004
  TRAPNO=0x000000000000000e

Top of Stack: (sp=0x000070000d56b468)
0x000070000d56b468:   00007ff800f5f147 185f33a9ac7e0031
0x000070000d56b478:   00007fec5e375078 00006000001ca7f0
0x000070000d56b488:   0000000128e747f8 00007fec5e375000
0x000070000d56b498:   00007fec5d2899f8 000070000d56b4c0
0x000070000d56b4a8:   00007ff800f5c520 00007fec5e375078
0x000070000d56b4b8:   00007ff8212de499 000070000d56b4e0
0x000070000d56b4c8:   00007ff8013c4765 185f33a9ac7e0031
0x000070000d56b4d8:   00006000001ca7f0 000070000d56b520
0x000070000d56b4e8:   00007ff802374471 00007ff843d255e0
0x000070000d56b4f8:   0000000000000000 185f33a9ac7e0031
0x000070000d56b508:   0000600002bfb000 00006000001aa130
0x000070000d56b518:   00007fec5d2899f8 000070000d56b550
0x000070000d56b528:   000000012ea8ecce 0000000128e74800
0x000070000d56b538:   0000000000000000 000070000d56b5d8
0x000070000d56b548:   00007fec5d289800 000070000d56b5b0
0x000070000d56b558:   0000000110997667 000000076d426428
0x000070000d56b568:   0000000110997382 000070000d56b570
0x000070000d56b578:   0000000128e747f8 000070000d56b5d8
0x000070000d56b588:   0000000128e74d60 0000000000000000
0x000070000d56b598:   0000000128e74800 0000000000000000
0x000070000d56b5a8:   000070000d56b5d0 000070000d56b620
0x000070000d56b5b8:   00000001109872bd 000000076d7d25c0
0x000070000d56b5c8:   0000000110990d18 000000076d824ab0
0x000070000d56b5d8:   000000076d426428 000070000d56b5e0
0x000070000d56b5e8:   0000000128e746ff 000070000d56b650
0x000070000d56b5f8:   0000000128e74d60 0000000000000000
0x000070000d56b608:   0000000128e74770 000070000d56b5d0
0x000070000d56b618:   000070000d56b640 000070000d56b6a8
0x000070000d56b628:   0000000110987302 0000000000000000
0x000070000d56b638:   000000076d426428 000000076d824ab0
0x000070000d56b648:   000000076d426370 000000076d7d2660
0x000070000d56b658:   0000000000000001 000000076d7d2670 

Instructions: (pc=0x00007ff800f5b8af)
0x00007ff800f5b88f:   90 48 85 ff 74 6f 89 f8 83 e0 01 75 68 48 b9 f8
0x00007ff800f5b89f:   ff ff ff ff 7f 00 00 48 8b 07 48 89 c2 48 21 ca
0x00007ff800f5b8af:   48 8b 72 20 40 f6 c6 04 74 4c a8 01 74 67 48 ba
0x00007ff800f5b8bf:   00 00 00 00 00 00 80 00 48 be 00 00 00 00 00 00 

Register to memory mapping:

RAX=0x00005557e2ad1830 is an unknown value
RBX=0x00007fec5e375000 is an unknown value
RCX=0x00007ffffffffff8 is an unknown value
RDX=0x00005557e2ad1830 is an unknown value
RSP=0x000070000d56b468 is pointing into the stack for thread: 0x00007fec5d289800
RBP=0x000070000d56b4a0 is pointing into the stack for thread: 0x00007fec5d289800
RSI=0x00007fec5d82b1c0 is an unknown value
RDI=0x0000600000191830 is an unknown value
R8 =0xffff8013a27ddf10 is an unknown value
R9 =0x00007fec5d8220f0 is an unknown value
R10=0x00007fec5d82b2a0 is an unknown value
R11=0x000000000000000e is an unknown value
R12=0xa3a3a3a3a3a3a3a3 is an unknown value
R13=0x0000000000000001 is an unknown value
R14=0x00007fec5e375078 is an unknown value
R15=0x0000600000191830 is an unknown value


Stack: [0x000070000d46c000,0x000070000d56c000],  sp=0x000070000d56b468,  free space=1021k
Native frames: (J=compiled Java code, j=interpreted, Vv=VM code, C=native code)
C  [libobjc.A.dylib+0x88af]  objc_release+0x1f
C  [libobjc.A.dylib+0x9520]  objc_autoreleasePoolPop+0xeb
C  [CoreFoundation+0x3c765]  _CFAutoreleasePoolPop+0x16
C  [Foundation+0x1d471]  -[NSAutoreleasePool release]+0x85
C  [liblwjgl.dylib+0x16cce]  Java_org_lwjgl_opengl_MacOSXContextImplementation_setView+0x10e
j  org.lwjgl.opengl.MacOSXContextImplementation.setView(Ljava/nio/ByteBuffer;Ljava/nio/ByteBuffer;)V+0
j  org.lwjgl.opengl.MacOSXContextImplementation.makeCurrent(Lorg/lwjgl/opengl/PeerInfo;Ljava/nio/ByteBuffer;)V+7
j  org.lwjgl.opengl.ContextGL.makeCurrent()V+46
j  org.lwjgl.opengl.DrawableGL.makeCurrent()V+14
j  org.lwjgl.opengl.Display.makeCurrent()V+3
j  org.lwjgl.opengl.Display.makeCurrentAndSetSwapInterval()V+0
j  org.lwjgl.opengl.Display.create(Lorg/lwjgl/opengl/PixelFormat;Lorg/lwjgl/opengl/Drawable;Lorg/lwjgl/opengl/ContextAttribs;)V+108
j  org.lwjgl.opengl.Display.create(Lorg/lwjgl/opengl/PixelFormat;)V+12
j  net.minecraft.src.Minecraft.startGame()V+177
j  net.minecraft.src.Minecraft.run()V+6
j  java.lang.Thread.run()V+11
v  ~StubRoutines::call_stub
V  [libjvm.dylib+0x2f0792]  JavaCalls::call_helper(JavaValue*, methodHandle*, JavaCallArguments*, Thread*)+0x6ae
V  [libjvm.dylib+0x2f0f36]  JavaCalls::call_virtual(JavaValue*, KlassHandle, Symbol*, Symbol*, JavaCallArguments*, Thread*)+0x164
V  [libjvm.dylib+0x2f10e2]  JavaCalls::call_virtual(JavaValue*, Handle, KlassHandle, Symbol*, Symbol*, Thread*)+0x4a
V  [libjvm.dylib+0x34b9d1]  thread_entry(JavaThread*, Thread*)+0x7c
V  [libjvm.dylib+0x571817]  JavaThread::thread_main_inner()+0x9b
V  [libjvm.dylib+0x572f12]  JavaThread::run()+0x1c2
V  [libjvm.dylib+0x48f0fa]  java_start(Thread*)+0xf6
C  [libsystem_pthread.dylib+0x618b]  _pthread_start+0x63
C  [libsystem_pthread.dylib+0x1ae3]  thread_start+0xf
C  0x0000000000000000

Java frames: (J=compiled Java code, j=interpreted, Vv=VM code)
j  org.lwjgl.opengl.MacOSXContextImplementation.setView(Ljava/nio/ByteBuffer;Ljava/nio/ByteBuffer;)V+0
j  org.lwjgl.opengl.MacOSXContextImplementation.makeCurrent(Lorg/lwjgl/opengl/PeerInfo;Ljava/nio/ByteBuffer;)V+7
j  org.lwjgl.opengl.ContextGL.makeCurrent()V+46
j  org.lwjgl.opengl.DrawableGL.makeCurrent()V+14
j  org.lwjgl.opengl.Display.makeCurrent()V+3
j  org.lwjgl.opengl.Display.makeCurrentAndSetSwapInterval()V+0
j  org.lwjgl.opengl.Display.create(Lorg/lwjgl/opengl/PixelFormat;Lorg/lwjgl/opengl/Drawable;Lorg/lwjgl/opengl/ContextAttribs;)V+108
j  org.lwjgl.opengl.Display.create(Lorg/lwjgl/opengl/PixelFormat;)V+12
j  net.minecraft.src.Minecraft.startGame()V+177
j  net.minecraft.src.Minecraft.run()V+6
j  java.lang.Thread.run()V+11
v  ~StubRoutines::call_stub

---------------  P R O C E S S  ---------------

Java Threads: ( => current thread )
  0x00007fec5f252800 JavaThread "Java2D Disposer" daemon [_thread_blocked, id=68355, stack(0x000070000d56f000,0x000070000d66f000)]
  0x00007fec5d1ba000 JavaThread "DestroyJavaVM" [_thread_blocked, id=5379, stack(0x000070000b90f000,0x000070000ba0f000)]
=>0x00007fec5d289800 JavaThread "Minecraft main thread" [_thread_in_native, id=85251, stack(0x000070000d46c000,0x000070000d56c000)]
  0x00007fec5ebe7000 JavaThread "Timer hack thread" daemon [_thread_blocked, id=86295, stack(0x000070000d369000,0x000070000d469000)]
  0x00007fec5ea09800 JavaThread "AWT-Shutdown" [_thread_blocked, id=35331, stack(0x000070000cf54000,0x000070000d054000)]
  0x00007fec5f026800 JavaThread "AppKit Thread" daemon [_thread_in_native, id=259, stack(0x00007ff7b12d7000,0x00007ff7b1ad7000)]
  0x00007fec5f80c000 JavaThread "Service Thread" daemon [_thread_blocked, id=22019, stack(0x000070000cd4e000,0x000070000ce4e000)]
  0x00007fec5e01f800 JavaThread "C1 CompilerThread3" daemon [_thread_blocked, id=19203, stack(0x000070000cc4b000,0x000070000cd4b000)]
  0x00007fec5e00b800 JavaThread "C2 CompilerThread2" daemon [_thread_blocked, id=18691, stack(0x000070000cb48000,0x000070000cc48000)]
  0x00007fec5d031000 JavaThread "C2 CompilerThread1" daemon [_thread_blocked, id=19459, stack(0x000070000ca45000,0x000070000cb45000)]
  0x00007fec5d02f800 JavaThread "C2 CompilerThread0" daemon [_thread_in_native, id=19971, stack(0x000070000c942000,0x000070000ca42000)]
  0x00007fec5d02e800 JavaThread "Signal Dispatcher" daemon [_thread_blocked, id=20227, stack(0x000070000c83f000,0x000070000c93f000)]
  0x00007fec5e830000 JavaThread "Finalizer" daemon [_thread_blocked, id=13571, stack(0x000070000c636000,0x000070000c736000)]
  0x00007fec5d029000 JavaThread "Reference Handler" daemon [_thread_blocked, id=12803, stack(0x000070000c533000,0x000070000c633000)]

Other Threads:
  0x00007fec5e011800 VMThread [stack: 0x000070000c430000,0x000070000c530000] [id=14083]
  0x00007fec5e01f000 WatcherThread [stack: 0x000070000ce51000,0x000070000cf51000] [id=32515]

VM state:not at safepoint (normal execution)

VM Mutex/Monitor currently owned by a thread: None

heap address: 0x00000006c0000000, size: 4096 MB, Compressed Oops mode: Zero based, Oop shift amount: 3
Narrow klass base: 0x0000000000000000, Narrow klass shift: 3
Compressed class space size: 1073741824 Address: 0x00000007c0000000

Heap:
 PSYoungGen      total 76288K, used 47332K [0x000000076ab00000, 0x0000000770000000, 0x00000007c0000000)
  eden space 65536K, 72% used [0x000000076ab00000,0x000000076d939198,0x000000076eb00000)
  from space 10752K, 0% used [0x000000076f580000,0x000000076f580000,0x0000000770000000)
  to   space 10752K, 0% used [0x000000076eb00000,0x000000076eb00000,0x000000076f580000)
 ParOldGen       total 175104K, used 0K [0x00000006c0000000, 0x00000006cab00000, 0x000000076ab00000)
  object space 175104K, 0% used [0x00000006c0000000,0x00000006c0000000,0x00000006cab00000)
 Metaspace       used 8705K, capacity 8908K, committed 9088K, reserved 1056768K
  class space    used 973K, capacity 1053K, committed 1152K, reserved 1048576K

Card table byte_map: [0x000000010ee01000,0x000000010f602000] byte_map_base: 0x000000010b801000

Marking Bits: (ParMarkBitMap*) 0x00000001102c1eb0
 Begin Bits: [0x000000011fed5000, 0x0000000123ed5000)
 End Bits:   [0x0000000123ed5000, 0x0000000127ed5000)

Polling page: 0x000000010e4bf000

CodeCache: size=245760Kb used=3368Kb max_used=3368Kb free=242391Kb
 bounds [0x000000011097f000, 0x0000000110ccf000, 0x000000011f97f000]
 total_blobs=1089 nmethods=706 adapters=297
 compilation: enabled

Compilation events (10 events):
Event: 0.865 Thread 0x00007fec5e01f800  704       1       java.util.WeakHashMap::indexFor (6 bytes)
Event: 0.865 Thread 0x00007fec5e01f800 nmethod 704 0x0000000110cc6390 code [0x0000000110cc64e0, 0x0000000110cc65d0]
Event: 0.865 Thread 0x00007fec5e01f800  703   !   3       sun.net.www.protocol.jar.JarURLConnection::connect (163 bytes)
Event: 0.866 Thread 0x00007fec5e01f800 nmethod 703 0x0000000110cc6610 code [0x0000000110cc6900, 0x0000000110cc7ea8]
Event: 0.866 Thread 0x00007fec5e01f800  705   !   3       sun.net.www.protocol.jar.JarFileFactory::getConnection (40 bytes)
Event: 0.866 Thread 0x00007fec5e01f800 nmethod 705 0x0000000110cc86d0 code [0x0000000110cc88a0, 0x0000000110cc9228]
Event: 0.866 Thread 0x00007fec5e01f800  706       3       java.util.zip.ZipFile::access$1300 (5 bytes)
Event: 0.866 Thread 0x00007fec5e01f800 nmethod 706 0x0000000110cc9610 code [0x0000000110cc97a0, 0x0000000110cc9a08]
Event: 0.867 Thread 0x00007fec5e01f800  707       3       java.util.zip.ZipFile$ZipFileInflaterInputStream::fill (80 bytes)
Event: 0.867 Thread 0x00007fec5e01f800 nmethod 707 0x0000000110cc9b50 code [0x0000000110cc9d00, 0x0000000110cca0c8]

GC Heap History (0 events):
No events

Deoptimization events (8 events):
Event: 0.202 Thread 0x00007fec5f809000 Uncommon trap: reason=unstable_if action=reinterpret pc=0x0000000110ab2044 method=java.lang.String.indexOf(II)I @ 49
Event: 0.213 Thread 0x00007fec5f809000 Uncommon trap: reason=unstable_if action=reinterpret pc=0x0000000110afde40 method=org.mcphackers.launchwrapper.inject.InsnHelper.compareInsn(Lorg/objectweb/asm/tree/AbstractInsnNode;I[Ljava/lang/Object;)Z @ 1
Event: 0.230 Thread 0x00007fec5f809000 Uncommon trap: reason=unstable_if action=reinterpret pc=0x0000000110adf6a0 method=java.lang.Integer.valueOf(I)Ljava/lang/Integer; @ 10
Event: 0.232 Thread 0x00007fec5f809000 Uncommon trap: reason=unstable_if action=reinterpret pc=0x0000000110b0c39c method=java.lang.String.indexOf([CII[CIII)I @ 134
Event: 0.284 Thread 0x00007fec5f809000 Uncommon trap: reason=unstable_if action=reinterpret pc=0x0000000110b760ac method=sun.misc.MetaIndex.mayContain(Ljava/lang/String;)Z @ 13
Event: 0.560 Thread 0x00007fec5f809000 Uncommon trap: reason=unstable_if action=reinterpret pc=0x0000000110b03350 method=org.objectweb.asm.ClassReader.readUTF8(I[C)Ljava/lang/String; @ 11
Event: 0.716 Thread 0x00007fec5d289800 Uncommon trap: reason=unstable_if action=reinterpret pc=0x0000000110bd3c9c method=java.lang.String.indexOf([CII[CIII)I @ 3
Event: 0.769 Thread 0x00007fec5d289800 Uncommon trap: reason=unstable_if action=reinterpret pc=0x0000000110afbb68 method=org.objectweb.asm.ClassReader.readUtf(II[C)Ljava/lang/String; @ 41

Classes redefined (0 events):
No events

Internal exceptions (10 events):
Event: 0.059 Thread 0x00007fec5f809000 Exception <a 'java/lang/NoSuchMethodError': Method sun.misc.Unsafe.prefetchRead(Ljava/lang/Object;J)V name or signature does not match> (0x000000076ab07fa0) thrown at [/Users/java_re/workspace/8-2-build-macosx-x86_64/jdk8u231/13620/hotspot/src/share/vm/pr
Event: 0.170 Thread 0x00007fec5f809000 Exception <a 'java/security/PrivilegedActionException'> (0x000000076ae93db8) thrown at [/Users/java_re/workspace/8-2-build-macosx-x86_64/jdk8u231/13620/hotspot/src/share/vm/prims/jvm.cpp, line 1502]
Event: 0.170 Thread 0x00007fec5f809000 Exception <a 'java/security/PrivilegedActionException'> (0x000000076ae93fc8) thrown at [/Users/java_re/workspace/8-2-build-macosx-x86_64/jdk8u231/13620/hotspot/src/share/vm/prims/jvm.cpp, line 1502]
Event: 0.171 Thread 0x00007fec5f809000 Exception <a 'java/security/PrivilegedActionException'> (0x000000076ae972f8) thrown at [/Users/java_re/workspace/8-2-build-macosx-x86_64/jdk8u231/13620/hotspot/src/share/vm/prims/jvm.cpp, line 1502]
Event: 0.171 Thread 0x00007fec5f809000 Exception <a 'java/security/PrivilegedActionException'> (0x000000076ae97508) thrown at [/Users/java_re/workspace/8-2-build-macosx-x86_64/jdk8u231/13620/hotspot/src/share/vm/prims/jvm.cpp, line 1502]
Event: 0.213 Thread 0x00007fec5f809000 Implicit null exception at 0x0000000110afca6f to 0x0000000110afde29
Event: 0.326 Thread 0x00007fec5f809000 Exception <a 'java/lang/NoSuchFieldError': method resolution failed> (0x000000076b968060) thrown at [/Users/java_re/workspace/8-2-build-macosx-x86_64/jdk8u231/13620/hotspot/src/share/vm/prims/methodHandles.cpp, line 1167]
Event: 0.327 Thread 0x00007fec5f809000 Exception <a 'java/lang/NoSuchFieldError': method resolution failed> (0x000000076b9757d0) thrown at [/Users/java_re/workspace/8-2-build-macosx-x86_64/jdk8u231/13620/hotspot/src/share/vm/prims/methodHandles.cpp, line 1167]
Event: 0.546 Thread 0x00007fec5f809000 Exception <a 'java/io/FileNotFoundException'> (0x000000076b9f0290) thrown at [/Users/java_re/workspace/8-2-build-macosx-x86_64/jdk8u231/13620/hotspot/src/share/vm/prims/jni.cpp, line 710]
Event: 0.546 Thread 0x00007fec5f809000 Exception <a 'java/io/FileNotFoundException'> (0x000000076b9f0df0) thrown at [/Users/java_re/workspace/8-2-build-macosx-x86_64/jdk8u231/13620/hotspot/src/share/vm/prims/jni.cpp, line 710]

Events (10 events):
Event: 0.865 loading class org/lwjgl/opengl/ContextImplementation
Event: 0.865 loading class org/lwjgl/opengl/ContextImplementation done
Event: 0.865 loading class org/lwjgl/opengl/MacOSXContextImplementation
Event: 0.865 loading class org/lwjgl/opengl/MacOSXContextImplementation done
Event: 0.866 loading class org/lwjgl/opengl/GLContext
Event: 0.866 loading class org/lwjgl/opengl/GLContext done
Event: 0.866 loading class java/lang/NumberFormatException
Event: 0.866 loading class java/lang/NumberFormatException done
Event: 0.867 loading class org/lwjgl/opengl/GLContext$CapabilitiesCacheEntry
Event: 0.867 loading class org/lwjgl/opengl/GLContext$CapabilitiesCacheEntry done


Dynamic libraries:
0x00007ff81c3e6000 	/System/Library/Frameworks/Cocoa.framework/Versions/A/Cocoa
0x00007ff804a34000 	/System/Library/Frameworks/AppKit.framework/Versions/C/AppKit
0x00007ff807cc1000 	/System/Library/Frameworks/CoreData.framework/Versions/A/CoreData
0x00007ff802357000 	/System/Library/Frameworks/Foundation.framework/Versions/C/Foundation
0x00007ff80e5c6000 	/usr/lib/libSystem.B.dylib
0x00007ff805e63000 	/System/Library/PrivateFrameworks/UIFoundation.framework/Versions/A/UIFoundation
0x00007ffb0f823000 	/System/Library/PrivateFrameworks/CollectionViewCore.framework/Versions/A/CollectionViewCore
0x00007ff815bb6000 	/System/Library/PrivateFrameworks/RemoteViewServices.framework/Versions/A/RemoteViewServices
0x00007ff80c09b000 	/System/Library/PrivateFrameworks/XCTTargetBootstrap.framework/Versions/A/XCTTargetBootstrap
0x00007ff810fb4000 	/System/Library/PrivateFrameworks/InternationalSupport.framework/Versions/A/InternationalSupport
0x00007ff811008000 	/System/Library/PrivateFrameworks/UserActivity.framework/Versions/A/UserActivity
0x00007ffc122e8000 	/System/Library/PrivateFrameworks/WindowManagement.framework/Versions/A/WindowManagement
0x00007ff802006000 	/System/Library/Frameworks/SystemConfiguration.framework/Versions/A/SystemConfiguration
0x00007ff810322000 	/usr/lib/libspindump.dylib
0x00007ff806040000 	/System/Library/Frameworks/UniformTypeIdentifiers.framework/Versions/A/UniformTypeIdentifiers
0x00007ff80a088000 	/usr/lib/libapp_launch_measurement.dylib
0x00007ff809214000 	/System/Library/PrivateFrameworks/CoreAnalytics.framework/Versions/A/CoreAnalytics
0x00007ff80a08b000 	/System/Library/PrivateFrameworks/CoreAutoLayout.framework/Versions/A/CoreAutoLayout
0x00007ff80b907000 	/System/Library/Frameworks/Metal.framework/Versions/A/Metal
0x00007ff80c8a3000 	/usr/lib/liblangid.dylib
0x00007ff80c0a0000 	/System/Library/PrivateFrameworks/CoreSVG.framework/Versions/A/CoreSVG
0x00007ff8069fd000 	/System/Library/PrivateFrameworks/SkyLight.framework/Versions/A/SkyLight
0x00007ff806e5f000 	/System/Library/Frameworks/CoreGraphics.framework/Versions/A/CoreGraphics
0x00007ff81628a000 	/System/Library/Frameworks/Accelerate.framework/Versions/A/Accelerate
0x00007ff810182000 	/System/Library/PrivateFrameworks/IconServices.framework/Versions/A/IconServices
0x00007ff80b8e8000 	/System/Library/Frameworks/IOSurface.framework/Versions/A/IOSurface
0x00007ff809240000 	/usr/lib/libDiagnosticMessagesClient.dylib
0x00007ff80e4e4000 	/usr/lib/libz.1.dylib
0x00007ff819cb7000 	/System/Library/Frameworks/ApplicationServices.framework/Versions/A/ApplicationServices
0x00007ff80c088000 	/System/Library/PrivateFrameworks/DFRFoundation.framework/Versions/A/DFRFoundation
0x00007ff8042e2000 	/usr/lib/libicucore.A.dylib
0x00007ff811f56000 	/System/Library/Frameworks/AudioToolbox.framework/Versions/A/AudioToolbox
0x00007ff810fc3000 	/System/Library/PrivateFrameworks/DataDetectorsCore.framework/Versions/A/DataDetectorsCore
0x00007ff90b080000 	/System/Library/PrivateFrameworks/TextInput.framework/Versions/A/TextInput
0x00007ff806956000 	/usr/lib/libMobileGestalt.dylib
0x00007ff80bded000 	/System/Library/Frameworks/Carbon.framework/Versions/A/Frameworks/HIToolbox.framework/Versions/A/HIToolbox
0x00007ff8099e4000 	/System/Library/Frameworks/QuartzCore.framework/Versions/A/QuartzCore
0x00007ff803f34000 	/System/Library/Frameworks/Security.framework/Versions/A/Security
0x00007ff815bee000 	/System/Library/Frameworks/Carbon.framework/Versions/A/Frameworks/SpeechRecognition.framework/Versions/A/SpeechRecognition
0x00007ff809dbb000 	/System/Library/PrivateFrameworks/CoreUI.framework/Versions/A/CoreUI
0x00007ff803808000 	/System/Library/Frameworks/CoreAudio.framework/Versions/A/CoreAudio
0x00007ff809320000 	/System/Library/Frameworks/DiskArbitration.framework/Versions/A/DiskArbitration
0x00007ff810759000 	/System/Library/PrivateFrameworks/MultitouchSupport.framework/Versions/A/MultitouchSupport
0x00007ff806955000 	/usr/lib/libenergytrace.dylib
0x00007ff8207eb000 	/System/Library/PrivateFrameworks/RenderBox.framework/Versions/A/RenderBox
0x00007ff80490b000 	/System/Library/Frameworks/IOKit.framework/Versions/A/IOKit
0x00007ff815fc2000 	/System/Library/Frameworks/CoreServices.framework/Versions/A/CoreServices
0x00007ff80a020000 	/System/Library/PrivateFrameworks/PerformanceAnalysis.framework/Versions/A/PerformanceAnalysis
0x00007ffa1dab5000 	/System/Library/Frameworks/OpenGL.framework/Versions/A/OpenGL
0x00007ff80a0d4000 	/usr/lib/libxml2.2.dylib
0x00007ff80d7b7000 	/System/Library/PrivateFrameworks/MobileKeyBag.framework/Versions/A/MobileKeyBag
0x00007ff800f53000 	/usr/lib/libobjc.A.dylib
0x00007ff801255000 	/usr/lib/libc++.1.dylib
0x00007ff815f3e000 	/System/Library/Frameworks/Accessibility.framework/Versions/A/Accessibility
0x00007ff80761b000 	/System/Library/Frameworks/ColorSync.framework/Versions/A/ColorSync
0x00007ff801388000 	/System/Library/Frameworks/CoreFoundation.framework/Versions/A/CoreFoundation
0x00007ff80c410000 	/System/Library/Frameworks/CoreImage.framework/Versions/A/CoreImage
0x00007ff803601000 	/System/Library/Frameworks/CoreText.framework/Versions/A/CoreText
0x00007ffb05b1d000 	/System/Library/Frameworks/CoreTransferable.framework/Versions/A/CoreTransferable
0x00007ffb05f22000 	/System/Library/Frameworks/DeveloperToolsSupport.framework/Versions/A/DeveloperToolsSupport
0x00007ff80c0d9000 	/System/Library/Frameworks/ImageIO.framework/Versions/A/ImageIO
0x00007ffb0a1bc000 	/System/Library/Frameworks/Symbols.framework/Versions/A/Symbols
0x00007ff80e5cb000 	/System/Library/PrivateFrameworks/SoftLinking.framework/Versions/A/SoftLinking
0x00007ff8119c6000 	/usr/lib/swift/libswiftCore.dylib
0x00007ff907c45000 	/usr/lib/swift/libswiftCoreFoundation.dylib
0x00007ff9058a1000 	/usr/lib/swift/libswiftCoreGraphics.dylib
0x00007ff907c83000 	/usr/lib/swift/libswiftCoreImage.dylib
0x00007ff9058a8000 	/usr/lib/swift/libswiftDarwin.dylib
0x00007ff81792e000 	/usr/lib/swift/libswiftDispatch.dylib
0x00007ff907c84000 	/usr/lib/swift/libswiftIOKit.dylib
0x00007ff913cd0000 	/usr/lib/swift/libswiftMetal.dylib
0x00007ffa0131e000 	/usr/lib/swift/libswiftOSLog.dylib
0x00007ff81a123000 	/usr/lib/swift/libswiftObjectiveC.dylib
0x00007ff918276000 	/usr/lib/swift/libswiftQuartzCore.dylib
0x00007ff91c37f000 	/usr/lib/swift/libswiftUniformTypeIdentifiers.dylib
0x00007ff907c55000 	/usr/lib/swift/libswiftXPC.dylib
0x00007ffc1a9b1000 	/usr/lib/swift/libswift_Concurrency.dylib
0x00007ff81a127000 	/usr/lib/swift/libswiftos.dylib
0x00007ff90afe2000 	/usr/lib/swift/libswiftsimd.dylib
0x00007ff80e765000 	/usr/lib/libcompression.dylib
0x00007ff810ef4000 	/System/Library/PrivateFrameworks/TextureIO.framework/Versions/A/TextureIO
0x00007ff80fe25000 	/usr/lib/libate.dylib
0x00007ff80e5c0000 	/usr/lib/system/libcache.dylib
0x00007ff80e57c000 	/usr/lib/system/libcommonCrypto.dylib
0x00007ff80e5a4000 	/usr/lib/system/libcompiler_rt.dylib
0x00007ff80e599000 	/usr/lib/system/libcopyfile.dylib
0x00007ff80108c000 	/usr/lib/system/libcorecrypto.dylib
0x00007ff801183000 	/usr/lib/system/libdispatch.dylib
0x00007ff80132d000 	/usr/lib/system/libdyld.dylib
0x00007ff80e5b6000 	/usr/lib/system/libkeymgr.dylib
0x00007ff80e55d000 	/usr/lib/system/libmacho.dylib
0x00007ff80d892000 	/usr/lib/system/libquarantine.dylib
0x00007ff80e5b4000 	/usr/lib/system/libremovefile.dylib
0x00007ff8069c8000 	/usr/lib/system/libsystem_asl.dylib
0x00007ff801026000 	/usr/lib/system/libsystem_blocks.dylib
0x00007ff8011cd000 	/usr/lib/system/libsystem_c.dylib
0x00007ff80e5ac000 	/usr/lib/system/libsystem_collections.dylib
0x00007ff80c893000 	/usr/lib/system/libsystem_configuration.dylib
0x00007ff80b8bf000 	/usr/lib/system/libsystem_containermanager.dylib
0x00007ff80e1b4000 	/usr/lib/system/libsystem_coreservices.dylib
0x00007ff804583000 	/usr/lib/system/libsystem_darwin.dylib
0x00007ffc1acdf000 	/usr/lib/system/libsystem_darwindirectory.dylib
0x00007ff80e5b7000 	/usr/lib/system/libsystem_dnssd.dylib
0x00007ffc1ace3000 	/usr/lib/system/libsystem_eligibility.dylib
0x00007ff8011ca000 	/usr/lib/system/libsystem_featureflags.dylib
0x00007ff80135d000 	/usr/lib/system/libsystem_info.dylib
0x00007ff80e4f8000 	/usr/lib/system/libsystem_m.dylib
0x00007ff801143000 	/usr/lib/system/libsystem_malloc.dylib
0x00007ff80693c000 	/usr/lib/system/libsystem_networkextension.dylib
0x00007ff8049cf000 	/usr/lib/system/libsystem_notify.dylib
0x00007ff80c897000 	/usr/lib/system/libsystem_sandbox.dylib
0x00007ffc1ace6000 	/usr/lib/system/libsystem_sanitizers.dylib
0x00007ff80e5b1000 	/usr/lib/system/libsystem_secinit.dylib
0x00007ff8012e6000 	/usr/lib/system/libsystem_kernel.dylib
0x00007ff801352000 	/usr/lib/system/libsystem_platform.dylib
0x00007ff801321000 	/usr/lib/system/libsystem_pthread.dylib
0x00007ff80856b000 	/usr/lib/system/libsystem_symptoms.dylib
0x00007ff801072000 	/usr/lib/system/libsystem_trace.dylib
0x00007ff80e588000 	/usr/lib/system/libunwind.dylib
0x00007ff80102a000 	/usr/lib/system/libxpc.dylib
0x00007ff8012d0000 	/usr/lib/libc++abi.dylib
0x00007ff80e591000 	/usr/lib/liboah.dylib
0x00007ff80fbcd000 	/usr/lib/liblzma.5.dylib
0x00007ff80e5c8000 	/usr/lib/libfakelink.dylib
0x00007ff80658d000 	/System/Library/Frameworks/CFNetwork.framework/Versions/A/CFNetwork
0x00007ff80e61a000 	/usr/lib/libarchive.2.dylib
0x00007ff813e37000 	/System/Library/Frameworks/Combine.framework/Versions/A/Combine
0x00007ffb0f838000 	/System/Library/PrivateFrameworks/CollectionsInternal.framework/Versions/A/CollectionsInternal
0x00007ffc054cf000 	/System/Library/PrivateFrameworks/ReflectionInternal.framework/Versions/A/ReflectionInternal
0x00007ffc05a4e000 	/System/Library/PrivateFrameworks/RuntimeInternal.framework/Versions/A/RuntimeInternal
0x00007ffc1aaec000 	/usr/lib/swift/libswift_StringProcessing.dylib
0x00007ff804889000 	/System/Library/PrivateFrameworks/CoreServicesInternal.framework/Versions/A/CoreServicesInternal
0x00007ff80d8b7000 	/usr/lib/libbsm.0.dylib
0x00007ff80e563000 	/usr/lib/system/libkxld.dylib
0x00007ff80a053000 	/System/Library/Frameworks/CoreServices.framework/Versions/A/Frameworks/FSEvents.framework/Versions/A/FSEvents
0x00007ff80458e000 	/System/Library/Frameworks/CoreServices.framework/Versions/A/Frameworks/CarbonCore.framework/Versions/A/CarbonCore
0x00007ff809288000 	/System/Library/Frameworks/CoreServices.framework/Versions/A/Frameworks/Metadata.framework/Versions/A/Metadata
0x00007ff80e1ba000 	/System/Library/Frameworks/CoreServices.framework/Versions/A/Frameworks/OSServices.framework/Versions/A/OSServices
0x00007ff80e6a3000 	/System/Library/Frameworks/CoreServices.framework/Versions/A/Frameworks/SearchKit.framework/Versions/A/SearchKit
0x00007ff8084f1000 	/System/Library/Frameworks/CoreServices.framework/Versions/A/Frameworks/AE.framework/Versions/A/AE
0x00007ff801823000 	/System/Library/Frameworks/CoreServices.framework/Versions/A/Frameworks/LaunchServices.framework/Versions/A/LaunchServices
0x00007ff80fb7e000 	/System/Library/Frameworks/CoreServices.framework/Versions/A/Frameworks/DictionaryServices.framework/Versions/A/DictionaryServices
0x00007ff80a060000 	/System/Library/Frameworks/CoreServices.framework/Versions/A/Frameworks/SharedFileList.framework/Versions/A/SharedFileList
0x00007ff80e72e000 	/usr/lib/libapple_nghttp2.dylib
0x00007ff80815d000 	/usr/lib/libsqlite3.dylib
0x00007ff808573000 	/System/Library/Frameworks/Network.framework/Versions/A/Network
0x00007ffc19361000 	/usr/lib/libCoreEntitlements.dylib
0x00007ffb20cac000 	/System/Library/PrivateFrameworks/MessageSecurity.framework/Versions/A/MessageSecurity
0x00007ff808144000 	/System/Library/PrivateFrameworks/ProtocolBuffer.framework/Versions/A/ProtocolBuffer
0x00007ff80e0d7000 	/System/Library/PrivateFrameworks/AppleFSCompression.framework/Versions/A/AppleFSCompression
0x00007ff80d89f000 	/usr/lib/libcoretls.dylib
0x00007ff80fbec000 	/usr/lib/libcoretls_cfhelpers.dylib
0x00007ff80e75f000 	/usr/lib/libpam.2.dylib
0x00007ff80fc65000 	/usr/lib/libxar.1.dylib
0x00007ff81015b000 	/usr/lib/libheimdal-asn1.dylib
0x00007ff80658c000 	/usr/lib/libnetwork.dylib
0x00007ff80e5cc000 	/usr/lib/libpcap.A.dylib
0x00007ff808561000 	/usr/lib/libdns_services.dylib
0x00007ff80c89e000 	/System/Library/PrivateFrameworks/AppleSystemInfo.framework/Versions/A/AppleSystemInfo
0x00007ff80d5b8000 	/System/Library/PrivateFrameworks/IOMobileFramebuffer.framework/Versions/A/IOMobileFramebuffer
0x00007ffc1aa3e000 	/usr/lib/swift/libswift_RegexParser.dylib
0x00007ff80e1a5000 	/usr/lib/libbz2.1.0.dylib
0x00007ff80d895000 	/usr/lib/libCheckFix.dylib
0x00007ff8069df000 	/System/Library/PrivateFrameworks/TCC.framework/Versions/A/TCC
0x00007ff80c8a5000 	/System/Library/PrivateFrameworks/CoreNLP.framework/Versions/A/CoreNLP
0x00007ff809242000 	/System/Library/PrivateFrameworks/MetadataUtilities.framework/Versions/A/MetadataUtilities
0x00007ff80d8c7000 	/usr/lib/libmecab.dylib
0x00007ff80208d000 	/usr/lib/libCRFSuite.dylib
0x00007ff80d920000 	/usr/lib/libgermantok.dylib
0x00007ff80e709000 	/usr/lib/libThaiTokenizer.dylib
0x00007ff809328000 	/System/Library/Frameworks/Accelerate.framework/Versions/A/Frameworks/vImage.framework/Versions/A/vImage
0x00007ff815f98000 	/System/Library/Frameworks/Accelerate.framework/Versions/A/Frameworks/vecLib.framework/Versions/A/vecLib
0x00007ff80fca7000 	/System/Library/Frameworks/Accelerate.framework/Versions/A/Frameworks/vecLib.framework/Versions/A/libvMisc.dylib
0x00007ff80d3a7000 	/System/Library/Frameworks/Accelerate.framework/Versions/A/Frameworks/vecLib.framework/Versions/A/libvDSP.dylib
0x00007ff801c30000 	/System/Library/Frameworks/Accelerate.framework/Versions/A/Frameworks/vecLib.framework/Versions/A/libBLAS.dylib
0x00007ff80e847000 	/System/Library/Frameworks/Accelerate.framework/Versions/A/Frameworks/vecLib.framework/Versions/A/libLAPACK.dylib
0x00007ff80d923000 	/System/Library/Frameworks/Accelerate.framework/Versions/A/Frameworks/vecLib.framework/Versions/A/libLinearAlgebra.dylib
0x00007ff80e749000 	/System/Library/Frameworks/Accelerate.framework/Versions/A/Frameworks/vecLib.framework/Versions/A/libSparseBLAS.dylib
0x00007ff80e841000 	/System/Library/Frameworks/Accelerate.framework/Versions/A/Frameworks/vecLib.framework/Versions/A/libQuadrature.dylib
0x00007ff80c9bb000 	/System/Library/Frameworks/Accelerate.framework/Versions/A/Frameworks/vecLib.framework/Versions/A/libBNNS.dylib
0x00007ff801f8e000 	/System/Library/Frameworks/Accelerate.framework/Versions/A/Frameworks/vecLib.framework/Versions/A/libSparse.dylib
0x00007ffb1f551000 	/System/Library/PrivateFrameworks/MIL.framework/Versions/A/MIL
0x00007ff80e602000 	/usr/lib/libiconv.2.dylib
0x00007ff80e55c000 	/usr/lib/libcharset.1.dylib
0x00007ff80a037000 	/System/Library/Frameworks/OpenDirectory.framework/Versions/A/Frameworks/CFOpenDirectory.framework/Versions/A/CFOpenDirectory
0x00007ff80a02b000 	/System/Library/Frameworks/OpenDirectory.framework/Versions/A/OpenDirectory
0x00007ff80fbee000 	/System/Library/PrivateFrameworks/APFS.framework/Versions/A/APFS
0x00007ff80d7da000 	/System/Library/Frameworks/SecurityFoundation.framework/Versions/A/SecurityFoundation
0x00007ff80fc73000 	/usr/lib/libutil.dylib
0x00007ffb1d95d000 	/System/Library/PrivateFrameworks/InstalledContentLibrary.framework/Versions/A/InstalledContentLibrary
0x00007ff8048cb000 	/System/Library/PrivateFrameworks/CoreServicesStore.framework/Versions/A/CoreServicesStore
0x00007ffb0d43f000 	/System/Library/PrivateFrameworks/AppleMobileFileIntegrity.framework/Versions/A/AppleMobileFileIntegrity
0x00007ff907c17000 	/usr/lib/libmis.dylib
0x00007ff918752000 	/System/Library/PrivateFrameworks/MobileSystemServices.framework/Versions/A/MobileSystemServices
0x00007ffa15dc5000 	/System/Library/PrivateFrameworks/ConfigProfileHelper.framework/Versions/A/ConfigProfileHelper
0x00007ff80e70b000 	/System/Library/PrivateFrameworks/AppleSauce.framework/Versions/A/AppleSauce
0x00007ff802f8e000 	/System/Library/PrivateFrameworks/LanguageModeling.framework/Versions/A/LanguageModeling
0x00007ff80fc77000 	/usr/lib/libxslt.1.dylib
0x00007ff80e609000 	/usr/lib/libcmph.dylib
0x00007ff80d586000 	/System/Library/PrivateFrameworks/CoreEmoji.framework/Versions/A/CoreEmoji
0x00007ff80c9b5000 	/System/Library/PrivateFrameworks/LinguisticData.framework/Versions/A/LinguisticData
0x00007ff801ea5000 	/System/Library/PrivateFrameworks/Lexicon.framework/Versions/A/Lexicon
0x00007ff80d863000 	/System/Library/PrivateFrameworks/BackgroundTaskManagement.framework/Versions/A/BackgroundTaskManagement
0x00007ffc194d0000 	/usr/lib/libTLE.dylib
0x00007ff81061d000 	/System/Library/PrivateFrameworks/AppleJPEG.framework/Versions/A/AppleJPEG
0x00007ff810140000 	/usr/lib/libexpat.1.dylib
0x00007ff810d4c000 	/System/Library/Frameworks/ImageIO.framework/Versions/A/Resources/libPng.dylib
0x00007ff810d79000 	/System/Library/Frameworks/ImageIO.framework/Versions/A/Resources/libTIFF.dylib
0x00007ff810e6e000 	/System/Library/Frameworks/ImageIO.framework/Versions/A/Resources/libGIF.dylib
0x00007ff810669000 	/System/Library/Frameworks/ImageIO.framework/Versions/A/Resources/libJP2.dylib
0x00007ff810e0d000 	/System/Library/Frameworks/ImageIO.framework/Versions/A/Resources/libJPEG.dylib
0x00007ff810e04000 	/System/Library/Frameworks/ImageIO.framework/Versions/A/Resources/libRadiance.dylib
0x00007ff80bc8d000 	/System/Library/PrivateFrameworks/FontServices.framework/libFontParser.dylib
0x00007ff80848e000 	/System/Library/PrivateFrameworks/RunningBoardServices.framework/Versions/A/RunningBoardServices
0x00007ff81cbb9000 	/System/Library/PrivateFrameworks/IOSurfaceAccelerator.framework/Versions/A/IOSurfaceAccelerator
0x00007ff810757000 	/System/Library/PrivateFrameworks/WatchdogClient.framework/Versions/A/WatchdogClient
0x00007ff80315b000 	/System/Library/Frameworks/CoreDisplay.framework/Versions/A/CoreDisplay
0x00007ff80bb5c000 	/System/Library/Frameworks/CoreMedia.framework/Versions/A/CoreMedia
0x00007ff80b8fe000 	/System/Library/PrivateFrameworks/IOAccelerator.framework/Versions/A/IOAccelerator
0x00007ff80a1b4000 	/System/Library/Frameworks/CoreVideo.framework/Versions/A/CoreVideo
0x00007ff80e75d000 	/System/Library/Frameworks/MetalPerformanceShaders.framework/Versions/A/MetalPerformanceShaders
0x00007ff810796000 	/System/Library/Frameworks/VideoToolbox.framework/Versions/A/VideoToolbox
0x00007ff80a241000 	/System/Library/PrivateFrameworks/UserManagement.framework/Versions/A/UserManagement
0x00007ff8083b7000 	/System/Library/PrivateFrameworks/BaseBoard.framework/Versions/A/BaseBoard
0x00007ff80c89d000 	/System/Library/PrivateFrameworks/AggregateDictionary.framework/Versions/A/AggregateDictionary
0x00007ffb0d23d000 	/System/Library/PrivateFrameworks/AppleKeyStore.framework/Versions/A/AppleKeyStore
0x00007ff810dfd000 	/System/Library/PrivateFrameworks/GPUWrangler.framework/Versions/A/GPUWrangler
0x00007ff810de1000 	/System/Library/PrivateFrameworks/IOPresentment.framework/Versions/A/IOPresentment
0x00007ff810e07000 	/System/Library/PrivateFrameworks/DSExternalDisplay.framework/Versions/A/DSExternalDisplay
0x00007ffb1992d000 	/System/Library/PrivateFrameworks/GPUCompiler.framework/Versions/32023/Libraries/libllvm-flatbuffers.dylib
0x00007ffa1daa9000 	/System/Library/Frameworks/OpenGL.framework/Versions/A/Libraries/libCoreFSCache.dylib
0x00007ffb16423000 	/System/Library/PrivateFrameworks/GPUCompiler.framework/Versions/32023/Libraries/libGPUCompilerUtils.dylib
0x00007ff810e74000 	/System/Library/PrivateFrameworks/CMCaptureCore.framework/Versions/A/CMCaptureCore
0x00007ffb0601e000 	/System/Library/Frameworks/ExtensionFoundation.framework/Versions/A/ExtensionFoundation
0x00007ff81817f000 	/System/Library/PrivateFrameworks/CoreTime.framework/Versions/A/CoreTime
0x00007ff81030b000 	/System/Library/PrivateFrameworks/AppServerSupport.framework/Versions/A/AppServerSupport
0x00007ff8128af000 	/System/Library/PrivateFrameworks/perfdata.framework/Versions/A/perfdata
0x00007ff803289000 	/System/Library/PrivateFrameworks/AudioToolboxCore.framework/Versions/A/AudioToolboxCore
0x00007ff80bb36000 	/System/Library/PrivateFrameworks/caulk.framework/Versions/A/caulk
0x00007ff812147000 	/usr/lib/libAudioStatistics.dylib
0x00007ff906fb8000 	/System/Library/PrivateFrameworks/SystemPolicy.framework/Versions/A/SystemPolicy
0x00007ff812409000 	/usr/lib/libSMC.dylib
0x00007ff81c242000 	/System/Library/Frameworks/CoreMIDI.framework/Versions/A/CoreMIDI
0x00007ff810d13000 	/usr/lib/libAudioToolboxUtility.dylib
0x00007ff9025bc000 	/System/Library/PrivateFrameworks/OSAServicesClient.framework/Versions/A/OSAServicesClient
0x00007ff8128bd000 	/usr/lib/libperfcheck.dylib
0x00007ff817c2a000 	/System/Library/PrivateFrameworks/BoardServices.framework/Versions/A/BoardServices
0x00007ff810020000 	/System/Library/PrivateFrameworks/PlugInKit.framework/Versions/A/PlugInKit
0x00007ff80d7cd000 	/System/Library/PrivateFrameworks/AssertionServices.framework/Versions/A/AssertionServices
0x00007ffa04650000 	/System/Library/PrivateFrameworks/Symbolication.framework/Versions/A/Symbolication
0x00007ffc04470000 	/System/Library/PrivateFrameworks/PhotosensitivityProcessing.framework/Versions/A/PhotosensitivityProcessing
0x00007ffa1f0cb000 	/System/Library/Frameworks/OpenCL.framework/Versions/A/OpenCL
0x00007ff8102b6000 	/System/Library/PrivateFrameworks/GraphVisualizer.framework/Versions/A/GraphVisualizer
0x00007ffa1db06000 	/System/Library/Frameworks/OpenGL.framework/Versions/A/Libraries/libGLU.dylib
0x00007ffa1dac8000 	/System/Library/Frameworks/OpenGL.framework/Versions/A/Libraries/libGFXShared.dylib
0x00007ffa1dcc4000 	/System/Library/Frameworks/OpenGL.framework/Versions/A/Libraries/libGL.dylib
0x00007ffa1dad0000 	/System/Library/Frameworks/OpenGL.framework/Versions/A/Libraries/libGLImage.dylib
0x00007ffa1dac5000 	/System/Library/Frameworks/OpenGL.framework/Versions/A/Libraries/libCVMSPluginSupport.dylib
0x00007ffc1948c000 	/usr/lib/libRosetta.dylib
0x00007ffa1dab0000 	/System/Library/Frameworks/OpenGL.framework/Versions/A/Libraries/libCoreVMClient.dylib
0x00007ffb1455b000 	/System/Library/PrivateFrameworks/FontServices.framework/Versions/A/FontServices
0x00007ff8102c5000 	/System/Library/PrivateFrameworks/OTSVG.framework/Versions/A/OTSVG
0x00007ff809d6f000 	/System/Library/Frameworks/ApplicationServices.framework/Versions/A/Frameworks/ATS.framework/Versions/A/Resources/libFontRegistry.dylib
0x00007ff810316000 	/System/Library/PrivateFrameworks/FontServices.framework/libhvf.dylib
0x00007ffb1455c000 	/System/Library/PrivateFrameworks/FontServices.framework/libXTFontStaticRegistryData.dylib
0x00007ff80c7dc000 	/System/Library/Frameworks/MetalPerformanceShaders.framework/Versions/A/Frameworks/MPSCore.framework/Versions/A/MPSCore
0x00007ff80e031000 	/System/Library/Frameworks/MetalPerformanceShaders.framework/Versions/A/Frameworks/MPSImage.framework/Versions/A/MPSImage
0x00007ff80d939000 	/System/Library/Frameworks/MetalPerformanceShaders.framework/Versions/A/Frameworks/MPSNeuralNetwork.framework/Versions/A/MPSNeuralNetwork
0x00007ff80dea8000 	/System/Library/Frameworks/MetalPerformanceShaders.framework/Versions/A/Frameworks/MPSMatrix.framework/Versions/A/MPSMatrix
0x00007ff80dc5a000 	/System/Library/Frameworks/MetalPerformanceShaders.framework/Versions/A/Frameworks/MPSRayIntersector.framework/Versions/A/MPSRayIntersector
0x00007ff80dee7000 	/System/Library/Frameworks/MetalPerformanceShaders.framework/Versions/A/Frameworks/MPSNDArray.framework/Versions/A/MPSNDArray
0x00007ffb07739000 	/System/Library/Frameworks/MetalPerformanceShaders.framework/Versions/A/Frameworks/MPSFunctions.framework/Versions/A/MPSFunctions
0x00007ffb0771c000 	/System/Library/Frameworks/MetalPerformanceShaders.framework/Versions/A/Frameworks/MPSBenchmarkLoop.framework/Versions/A/MPSBenchmarkLoop
0x00007ff801ae0000 	/System/Library/PrivateFrameworks/MetalTools.framework/Versions/A/MetalTools
0x00007ff90c337000 	/System/Library/PrivateFrameworks/IOAccelMemoryInfo.framework/Versions/A/IOAccelMemoryInfo
0x00007ff918652000 	/System/Library/PrivateFrameworks/kperf.framework/Versions/A/kperf
0x00007ff907c39000 	/System/Library/PrivateFrameworks/GPURawCounter.framework/Versions/A/GPURawCounter
0x00007ff818054000 	/System/Library/PrivateFrameworks/CoreSymbolication.framework/Versions/A/CoreSymbolication
0x00007ff907be9000 	/System/Library/PrivateFrameworks/MallocStackLogging.framework/Versions/A/MallocStackLogging
0x00007ff80fec5000 	/System/Library/PrivateFrameworks/CrashReporterSupport.framework/Versions/A/CrashReporterSupport
0x00007ff818015000 	/System/Library/PrivateFrameworks/DebugSymbols.framework/Versions/A/DebugSymbols
0x00007ff917067000 	/System/Library/PrivateFrameworks/OSAnalytics.framework/Versions/A/OSAnalytics
0x00007ffc107b2000 	/System/Library/PrivateFrameworks/VideoToolboxParavirtualizationSupport.framework/Versions/A/VideoToolboxParavirtualizationSupport
0x00007ff8100f2000 	/System/Library/PrivateFrameworks/AppleVA.framework/Versions/A/AppleVA
0x00007ff812187000 	/System/Library/Frameworks/ApplicationServices.framework/Versions/A/Frameworks/ATS.framework/Versions/A/ATS
0x00007ff8077c7000 	/System/Library/Frameworks/ApplicationServices.framework/Versions/A/Frameworks/HIServices.framework/Versions/A/HIServices
0x00007ff810e82000 	/System/Library/Frameworks/ApplicationServices.framework/Versions/A/Frameworks/PrintCore.framework/Versions/A/PrintCore
0x00007ff81255d000 	/System/Library/Frameworks/ApplicationServices.framework/Versions/A/Frameworks/QD.framework/Versions/A/QD
0x00007ff812556000 	/System/Library/Frameworks/ApplicationServices.framework/Versions/A/Frameworks/ColorSyncLegacy.framework/Versions/A/ColorSyncLegacy
0x00007ff81215d000 	/System/Library/Frameworks/ApplicationServices.framework/Versions/A/Frameworks/SpeechSynthesis.framework/Versions/A/SpeechSynthesis
0x00007ff810e3e000 	/System/Library/Frameworks/ApplicationServices.framework/Versions/A/Frameworks/ATSUI.framework/Versions/A/ATSUI
0x00007ff8124e8000 	/usr/lib/libcups.2.dylib
0x00007ff8128cc000 	/System/Library/Frameworks/Kerberos.framework/Versions/A/Kerberos
0x00007ff8128db000 	/System/Library/Frameworks/GSS.framework/Versions/A/GSS
0x00007ff812200000 	/usr/lib/libresolv.9.dylib
0x00007ff810328000 	/System/Library/PrivateFrameworks/Heimdal.framework/Versions/A/Heimdal
0x00007ff81a095000 	/System/Library/Frameworks/Kerberos.framework/Versions/A/Libraries/libHeimdalProxy.dylib
0x00007ff812928000 	/System/Library/PrivateFrameworks/CommonAuth.framework/Versions/A/CommonAuth
0x00007ffb04f52000 	/System/Library/Frameworks/AVFAudio.framework/Versions/A/AVFAudio
0x00007ff902603000 	/System/Library/PrivateFrameworks/AXCoreUtilities.framework/Versions/A/AXCoreUtilities
0x00007ffb1ecfa000 	/System/Library/PrivateFrameworks/IsolatedCoreAudioClient.framework/Versions/A/IsolatedCoreAudioClient
0x00007ff8120ce000 	/System/Library/PrivateFrameworks/AudioSession.framework/Versions/A/AudioSession
0x00007ff813bfc000 	/System/Library/Frameworks/IOBluetooth.framework/Versions/A/IOBluetooth
0x00007ff810200000 	/System/Library/PrivateFrameworks/MediaExperience.framework/Versions/A/MediaExperience
0x00007ff811f21000 	/System/Library/PrivateFrameworks/AudioSession.framework/libSessionUtility.dylib
0x00007ff812568000 	/System/Library/PrivateFrameworks/AudioResourceArbitration.framework/Versions/A/AudioResourceArbitration
0x00007ff816cc0000 	/System/Library/PrivateFrameworks/PowerLog.framework/Versions/A/PowerLog
0x00007ff816bdd000 	/System/Library/Frameworks/CoreBluetooth.framework/Versions/A/CoreBluetooth
0x00007ff81a096000 	/System/Library/Frameworks/AudioUnit.framework/Versions/A/AudioUnit
0x00007ff80d640000 	/System/Library/PrivateFrameworks/CoreUtils.framework/Versions/A/CoreUtils
0x00007ffb12a84000 	/System/Library/PrivateFrameworks/CoreUtilsExtras.framework/Versions/A/CoreUtilsExtras
0x00007ffb1d7f1000 	/System/Library/PrivateFrameworks/IO80211.framework/Versions/A/IO80211
0x00007ff817b6c000 	/System/Library/PrivateFrameworks/FrontBoardServices.framework/Versions/A/FrontBoardServices
0x00007ff81967e000 	/System/Library/PrivateFrameworks/BackBoardServices.framework/Versions/A/BackBoardServices
0x00007ff810164000 	/System/Library/PrivateFrameworks/IconFoundation.framework/Versions/A/IconFoundation
0x00007ff815bde000 	/System/Library/PrivateFrameworks/SpeechRecognitionCore.framework/Versions/A/SpeechRecognitionCore
0x00007ff90261c000 	/usr/lib/libAccessibility.dylib
0x00007ff8162d3000 	/System/Library/Frameworks/MediaAccessibility.framework/Versions/A/MediaAccessibility
0x00007ffa07fd0000 	/System/Library/Frameworks/OSLog.framework/Versions/A/OSLog
0x00007ff907b74000 	/System/Library/PrivateFrameworks/LoggingSupport.framework/Versions/A/LoggingSupport
0x000000010f9c5000 	/Library/Java/JavaVirtualMachines/jdk1.8.0_231.jdk/Contents/Home/jre/lib/server/libjvm.dylib
0x00007ff907b22000 	/usr/lib/libstdc++.6.dylib
0x000000010e4cc000 	/Library/Java/JavaVirtualMachines/jdk1.8.0_231.jdk/Contents/Home/jre/lib/libverify.dylib
0x000000010e937000 	/Library/Java/JavaVirtualMachines/jdk1.8.0_231.jdk/Contents/Home/jre/lib/libjava.dylib
0x000000010e4e3000 	/Library/Java/JavaVirtualMachines/jdk1.8.0_231.jdk/Contents/Home/jre/lib/libzip.dylib
0x000000010f870000 	/Library/Java/JavaVirtualMachines/jdk1.8.0_231.jdk/Contents/Home/jre/lib/libawt.dylib
0x000000012aeb2000 	/Library/Java/JavaVirtualMachines/jdk1.8.0_231.jdk/Contents/Home/jre/lib/libmlib_image.dylib
0x00007ffb06b52000 	/System/Library/Frameworks/JavaNativeFoundation.framework/Versions/A/JavaNativeFoundation
0x00007ffb06b5b000 	/System/Library/Frameworks/JavaRuntimeSupport.framework/Versions/A/JavaRuntimeSupport
0x00007ff90695c000 	/System/Library/Frameworks/Carbon.framework/Versions/A/Carbon
0x00007ff81e343000 	/System/Library/Frameworks/Carbon.framework/Versions/A/Frameworks/CommonPanels.framework/Versions/A/CommonPanels
0x00007ff8199aa000 	/System/Library/Frameworks/Carbon.framework/Versions/A/Frameworks/Help.framework/Versions/A/Help
0x00007ff81e347000 	/System/Library/Frameworks/Carbon.framework/Versions/A/Frameworks/ImageCapture.framework/Versions/A/ImageCapture
0x00007ff81e324000 	/System/Library/Frameworks/Carbon.framework/Versions/A/Frameworks/OpenScripting.framework/Versions/A/OpenScripting
0x00007ff81e342000 	/System/Library/Frameworks/Carbon.framework/Versions/A/Frameworks/Ink.framework/Versions/A/Ink
0x00007ff81e33f000 	/System/Library/Frameworks/Carbon.framework/Versions/A/Frameworks/SecurityHI.framework/Versions/A/SecurityHI
0x000000012af7e000 	/Library/Java/JavaVirtualMachines/jdk1.8.0_231.jdk/Contents/Home/jre/lib/libawt_lwawt.dylib
0x000000010e9d9000 	/Library/Java/JavaVirtualMachines/jdk1.8.0_231.jdk/Contents/Home/jre/lib/libosxapp.dylib
0x00007ff90590f000 	/System/Library/Frameworks/ExceptionHandling.framework/Versions/A/ExceptionHandling
0x00007ff8172a2000 	/System/Library/Frameworks/FileProvider.framework/Versions/A/FileProvider
0x00007ff80831f000 	/System/Library/Frameworks/Accounts.framework/Versions/A/Accounts
0x00007ff817457000 	/System/Library/PrivateFrameworks/GenerationalStorage.framework/Versions/A/GenerationalStorage
0x00007ff816cb5000 	/System/Library/PrivateFrameworks/SymptomDiagnosticReporter.framework/Versions/A/SymptomDiagnosticReporter
0x00007ff806056000 	/System/Library/PrivateFrameworks/DesktopServicesPriv.framework/Versions/A/DesktopServicesPriv
0x00007ff8049df000 	/usr/lib/libsandbox.1.dylib
0x00007ff81254b000 	/System/Library/PrivateFrameworks/NetAuth.framework/Versions/A/NetAuth
0x00007ff8138a7000 	/System/Library/PrivateFrameworks/Sharing.framework/Versions/A/Sharing
0x00007ff80a206000 	/System/Library/PrivateFrameworks/login.framework/Versions/A/Frameworks/loginsupport.framework/Versions/A/loginsupport
0x00007ff8194d0000 	/System/Library/PrivateFrameworks/Apple80211.framework/Versions/A/Apple80211
0x00007ff80e1e7000 	/System/Library/PrivateFrameworks/AuthKit.framework/Versions/A/AuthKit
0x00007ff8194d1000 	/System/Library/PrivateFrameworks/CoreWiFi.framework/Versions/A/CoreWiFi
0x00007ff80d5c7000 	/System/Library/Frameworks/CoreWLAN.framework/Versions/A/CoreWLAN
0x00007ff907c3c000 	/usr/lib/swift/libswiftCoreAudio.dylib
0x00007ff90d117000 	/usr/lib/swift/libswiftCoreLocation.dylib
0x00007ff80febc000 	/usr/lib/libIOReport.dylib
0x00007ffa0eb8b000 	/System/Library/PrivateFrameworks/WiFiPeerToPeer.framework/Versions/A/WiFiPeerToPeer
0x00007ff80e394000 	/System/Library/Frameworks/UserNotifications.framework/Versions/A/UserNotifications
0x00007ff812a67000 	/System/Library/PrivateFrameworks/CorePhoneNumbers.framework/Versions/A/CorePhoneNumbers
0x00007ff81222c000 	/System/Library/PrivateFrameworks/MultiverseSupport.framework/Versions/A/MultiverseSupport
0x00007ff8198fd000 	/System/Library/PrivateFrameworks/RemoteServiceDiscovery.framework/Versions/A/RemoteServiceDiscovery
0x00007ff816dcf000 	/System/Library/PrivateFrameworks/DiskManagement.framework/Versions/A/DiskManagement
0x00007ff816ce8000 	/System/Library/PrivateFrameworks/AppleIDAuthSupport.framework/Versions/A/AppleIDAuthSupport
0x00007ffb0b26d000 	/System/Library/PrivateFrameworks/AAAFoundation.framework/Versions/A/AAAFoundation
0x00007ff812a3b000 	/System/Library/PrivateFrameworks/KeychainCircle.framework/Versions/A/KeychainCircle
0x00007ff81990e000 	/System/Library/PrivateFrameworks/RemoteXPC.framework/Versions/A/RemoteXPC
0x00007ff8199b2000 	/usr/lib/libcsfde.dylib
0x00007ff81006a000 	/usr/lib/libCoreStorage.dylib
0x00007ff816d9c000 	/System/Library/PrivateFrameworks/MediaKit.framework/Versions/A/MediaKit
0x00007ff816cf4000 	/System/Library/Frameworks/DiscRecording.framework/Versions/A/DiscRecording
0x00007ff813cd1000 	/System/Library/PrivateFrameworks/ProtectedCloudStorage.framework/Versions/A/ProtectedCloudStorage
0x00007ff8199ae000 	/System/Library/PrivateFrameworks/EFILogin.framework/Versions/A/EFILogin
0x00007ff81747f000 	/System/Library/PrivateFrameworks/OctagonTrust.framework/Versions/A/OctagonTrust
0x00007ff80b7aa000 	/System/Library/Frameworks/CoreLocation.framework/Versions/A/CoreLocation
0x00007ff813f2e000 	/System/Library/PrivateFrameworks/GeoServices.framework/Versions/A/GeoServices
0x00007ff811eed000 	/System/Library/PrivateFrameworks/LocationSupport.framework/Versions/A/LocationSupport
0x00007ffb1a538000 	/System/Library/PrivateFrameworks/GeoServicesCore.framework/Versions/A/GeoServicesCore
0x00007ff9025fa000 	/System/Library/PrivateFrameworks/PhoneNumbers.framework/Versions/A/PhoneNumbers
0x00007ff810062000 	/usr/lib/libMatch.1.dylib
0x00007ff910831000 	/System/Library/CoreServices/RawCamera.bundle/Contents/MacOS/RawCamera
0x00007ff812938000 	/System/Library/PrivateFrameworks/MobileAsset.framework/Versions/A/MobileAsset
0x00007ffb0cfaf000 	/System/Library/PrivateFrameworks/AppleJPEGXL.framework/Versions/A/AppleJPEGXL
0x00007ff90da7d000 	/System/Library/PrivateFrameworks/SoftwareUpdateCoreSupport.framework/Versions/A/SoftwareUpdateCoreSupport
0x00007ff91514f000 	/System/Library/PrivateFrameworks/SoftwareUpdateCoreConnect.framework/Versions/A/SoftwareUpdateCoreConnect
0x00007ff81a0b5000 	/System/Library/PrivateFrameworks/StreamingZip.framework/Versions/A/StreamingZip
0x00007ff90d710000 	/System/Library/PrivateFrameworks/MSUDataAccessor.framework/Versions/A/MSUDataAccessor
0x00007ff90979d000 	/usr/lib/libbootpolicy.dylib
0x00007ff91c560000 	/usr/lib/libpartition2_dynamic.dylib
0x00007ffb0e8ef000 	/System/Library/PrivateFrameworks/CMPhoto.framework/Versions/A/CMPhoto
0x00007ff817ee9000 	/System/Library/PrivateFrameworks/AppleVPA.framework/Versions/A/AppleVPA
0x00007ff811074000 	/System/Library/Frameworks/MediaToolbox.framework/Versions/A/MediaToolbox
0x00007ff817274000 	/System/Library/PrivateFrameworks/CoreAVCHD.framework/Versions/A/CoreAVCHD
0x00007ff817270000 	/System/Library/PrivateFrameworks/Mangrove.framework/Versions/A/Mangrove
0x00007ff81780c000 	/System/Library/Frameworks/CoreTelephony.framework/Versions/A/CoreTelephony
0x00007ff816eb5000 	/System/Library/PrivateFrameworks/CoreAUC.framework/Versions/A/CoreAUC
0x00007ff812a70000 	/usr/lib/libTelephonyUtilDynamic.dylib
0x00007ff90d0f8000 	/System/Library/Frameworks/Accelerate.framework/Versions/A/Frameworks/vImage.framework/Versions/A/Libraries/libCGInterfaces.dylib
0x000000012ae85000 	/usr/lib/libobjc-trampolines.dylib
0x00007ffc19211000 	/usr/lib/libAccessibilityBaseImplementations.dylib
0x00007ffb048d7000 	/System/Library/Extensions/AMDRadeonX6000MTLDriver.bundle/Contents/MacOS/AMDRadeonX6000MTLDriver
0x00007ffa16c47000 	/System/Library/Extensions/AppleIntelKBLGraphicsMTLDriver.bundle/Contents/MacOS/AppleIntelKBLGraphicsMTLDriver
0x00007ff8103de000 	/System/Library/PrivateFrameworks/login.framework/Versions/A/login
0x00007ff817d3c000 	/System/Library/Frameworks/LocalAuthentication.framework/Versions/A/LocalAuthentication
0x00007ffb1f410000 	/System/Library/PrivateFrameworks/LocalAuthenticationCore.framework/Versions/A/LocalAuthenticationCore
0x00007ff817d82000 	/System/Library/Frameworks/LocalAuthentication.framework/Support/SharedUtils.framework/Versions/A/SharedUtils
0x00007ff817cda000 	/System/Library/Frameworks/CryptoTokenKit.framework/Versions/A/CryptoTokenKit
0x00007ff81cbc2000 	/System/Library/PrivateFrameworks/FamilyControls.framework/Versions/A/FamilyControls
0x00007ff81cbe5000 	/System/Library/PrivateFrameworks/CommerceKit.framework/Versions/A/Frameworks/CommerceCore.framework/Versions/A/CommerceCore
0x00007ff816309000 	/System/Library/PrivateFrameworks/SystemAdministration.framework/Versions/A/SystemAdministration
0x00007ff813cb5000 	/System/Library/PrivateFrameworks/AppContainer.framework/Versions/A/AppContainer
0x00007ff813ccd000 	/System/Library/PrivateFrameworks/SecCodeWrapper.framework/Versions/A/SecCodeWrapper
0x00007ff815bab000 	/System/Library/Frameworks/DirectoryService.framework/Versions/A/DirectoryService
0x00007ff819813000 	/System/Library/PrivateFrameworks/DiskImages.framework/Versions/A/DiskImages
0x00007ff80d888000 	/System/Library/Frameworks/ServiceManagement.framework/Versions/A/ServiceManagement
0x00007ff819a3e000 	/System/Library/PrivateFrameworks/LoginUIKit.framework/Versions/A/Frameworks/LoginUICore.framework/Versions/A/LoginUICore
0x00007ff8105a4000 	/usr/lib/libodfde.dylib
0x00007ff8199bd000 	/usr/lib/libcurl.4.dylib
0x00007ffc19987000 	/usr/lib/libcrypto.46.dylib
0x00007ffc1a654000 	/usr/lib/libssl.48.dylib
0x00007ff8196a2000 	/System/Library/Frameworks/LDAP.framework/Versions/A/LDAP
0x00007ff8196dd000 	/System/Library/PrivateFrameworks/TrustEvaluationAgent.framework/Versions/A/TrustEvaluationAgent
0x00007ff812219000 	/usr/lib/libsasl2.2.dylib
0x00007ff809f1b000 	/System/Library/PrivateFrameworks/ViewBridge.framework/Versions/A/ViewBridge
0x000000012e8e8000 	/Library/Java/JavaVirtualMachines/jdk1.8.0_231.jdk/Contents/Home/jre/lib/libnio.dylib
0x000000012e90f000 	/Library/Java/JavaVirtualMachines/jdk1.8.0_231.jdk/Contents/Home/jre/lib/libnet.dylib
0x000000012e98e000 	/Library/Java/JavaVirtualMachines/jdk1.8.0_231.jdk/Contents/Home/jre/lib/libfontmanager.dylib
0x000000012ea78000 	/Users/Erik/Desktop/minecute/libraries/natives/liblwjgl.dylib
0x000000012e8df000 	/Library/Java/JavaVirtualMachines/jdk1.8.0_231.jdk/Contents/Home/jre/lib/libjawt.dylib
0x00007ffa1dccf000 	/System/Library/Frameworks/OpenGL.framework/Versions/A/Resources/GLEngine.bundle/GLEngine
0x00007ffa1db43000 	/System/Library/Frameworks/OpenGL.framework/Versions/A/Libraries/libGLProgrammability.dylib
0x00007ffa18adf000 	/System/Library/Extensions/AppleIntelKBLGraphicsGLDriver.bundle/Contents/MacOS/AppleIntelKBLGraphicsGLDriver
0x00007ff914747000 	/System/Library/PrivateFrameworks/GPUSupport.framework/Versions/A/Libraries/libGPUSupportMercury.dylib
0x000000012ecb9000 	/System/Library/Extensions/AMDRadeonX6000GLDriver.bundle/Contents/MacOS/AMDRadeonX6000GLDriver
0x00007ffb0488a000 	/System/Library/Extensions/AMDRadeonX6000GLDriver.bundle/Contents/MacOS/ATIRadeonX6000SCLib.dylib
0x00007ffa172be000 	/System/Library/Extensions/AMDShared.bundle/Contents/PlugIns/libSC.dylib
0x00007ffa1de3f000 	/System/Library/Frameworks/OpenGL.framework/Versions/A/Resources/GLRendererFloat.bundle/GLRendererFloat

VM Arguments:
jvm_args: -Djava.library.path=/Users/Erik/Desktop/minecute/libraries/natives -Dfile.encoding=UTF-8 
java_command: org.mcphackers.launchwrapper.Launch --gameDir SAVE_DATA/game --assetsDir SAVE_DATA/game/assets --resourcesProxyPort 11702 --skinProxy pre-b1.9-pre4
java_class_path (initial): /Users/Erik/Desktop/minecute/minecraft/output:/Users/Erik/Desktop/minecute/libraries/org/mcphackers/launchwrapper/1.0/launchwrapper-1.0.jar:/Users/Erik/Desktop/minecute/libraries/org/ow2/asm/asm-tree/9.2/asm-tree-9.2.jar:/Users/Erik/Desktop/minecute/libraries/org/ow2/asm/asm/9.2/asm-9.2.jar:/Users/Erik/Desktop/minecute/libraries/org/lwjgl/lwjgl/lwjgl/2.9.4/lwjgl-2.9.4.jar:/Users/Erik/Desktop/minecute/libraries/org/lwjgl/lwjgl/lwjgl_util/2.9.4/lwjgl_util-2.9.4.jar:/Users/Erik/Desktop/minecute/libraries/org/json/json/20230311/json-20230311.jar:/Users/Erik/Desktop/minecute/libraries/net/java/jinput/jinput/2.0.5/jinput-2.0.5.jar:/Users/Erik/Desktop/minecute/libraries/net/java/jutils/jutils/1.0.0/jutils-1.0.0.jar:/Users/Erik/Desktop/minecute/libraries/com/paulscode/codecjorbis/20230120/codecjorbis-20230120.jar:/Users/Erik/Desktop/minecute/libraries/com/paulscode/codecwav/20101023/codecwav-20101023.jar:/Users/Erik/Desktop/minecute/libraries/com/paulscode/libraryjavasound/20101123/libraryjavasound-20101123.jar:/Users/Erik/Desktop/minecute/libraries/com/paulscode/librarylwjglopenal/20100824/librarylwjglopenal-20100824.jar:/Users/Erik/Desktop/minecute/libraries/com/paulscode/soundsystem/20120107/soundsystem-20120107.jar:/Users/Erik/Desktop/minecute/libraries/org/mcphackers/rdi/rdi/1.0/rdi-1.0.jar:/Users/Erik/Desktop/minecute/minecraft/jars/deobfuscated.jar
Launcher Type: SUN_STANDARD

Environment Variables:
PATH=/usr/bin:/bin:/usr/sbin:/sbin
SHELL=/bin/bash
DISPLAY=/private/tmp/com.apple.launchd.0zKm6o0etC/org.macosforge.xquartz:0

Signal Handlers:
SIGSEGV: [libjvm.dylib+0x5b7e2b], sa_mask[0]=11111111011111110111111111111111, sa_flags=SA_ONSTACK|SA_RESTART|SA_SIGINFO
SIGBUS: [libjvm.dylib+0x5b7e2b], sa_mask[0]=11111111011111110111111111111111, sa_flags=SA_RESTART|SA_SIGINFO
SIGFPE: [libjvm.dylib+0x48c6ec], sa_mask[0]=11111111011111110111111111111111, sa_flags=SA_RESTART|SA_SIGINFO
SIGPIPE: [libjvm.dylib+0x48c6ec], sa_mask[0]=11111111011111110111111111111111, sa_flags=SA_RESTART|SA_SIGINFO
SIGXFSZ: [libjvm.dylib+0x48c6ec], sa_mask[0]=11111111011111110111111111111111, sa_flags=SA_RESTART|SA_SIGINFO
SIGILL: [libjvm.dylib+0x48c6ec], sa_mask[0]=11111111011111110111111111111111, sa_flags=SA_RESTART|SA_SIGINFO
SIGUSR1: SIG_DFL, sa_mask[0]=00000000000000000000000000000000, sa_flags=none
SIGUSR2: [libjvm.dylib+0x48c20a], sa_mask[0]=00100000000000000000000000000000, sa_flags=SA_RESTART|SA_SIGINFO
SIGHUP: [libjvm.dylib+0x48a795], sa_mask[0]=11111111011111110111111111111111, sa_flags=SA_RESTART|SA_SIGINFO
SIGINT: [libjvm.dylib+0x48a795], sa_mask[0]=11111111011111110111111111111111, sa_flags=SA_RESTART|SA_SIGINFO
SIGTERM: [libjvm.dylib+0x48a795], sa_mask[0]=11111111011111110111111111111111, sa_flags=SA_RESTART|SA_SIGINFO
SIGQUIT: [libjvm.dylib+0x48a795], sa_mask[0]=11111111011111110111111111111111, sa_flags=SA_RESTART|SA_SIGINFO


---------------  S Y S T E M  ---------------

OS:Bsduname:Darwin 23.5.0 Darwin Kernel Version 23.5.0: Wed May  1 20:09:52 PDT 2024; root:xnu-10063.121.3~5/RELEASE_X86_64 x86_64
rlimit: STACK 8192k, CORE 0k, NPROC 2784, NOFILE 12544, AS infinity
load average:2.41 2.48 2.67

CPU:total 12 (initial active 12) (6 cores per cpu, 2 threads per core) family 6 model 158 stepping 10, cmov, cx8, fxsr, mmx, sse, sse2, sse3, ssse3, sse4.1, sse4.2, popcnt, avx, avx2, aes, clmul, erms, 3dnowpref, lzcnt, ht, tsc, tscinvbit, bmi1, bmi2, adx

Memory: 4k page, physical 16777216k(385076k free)

/proc/meminfo:


vm_info: Java HotSpot(TM) 64-Bit Server VM (25.231-b11) for bsd-amd64 JRE (1.8.0_231-b11), built on Oct  5 2019 03:15:25 by "java_re" with gcc 4.2.1 (Based on Apple Inc. build 5658) (LLVM build 2336.11.00)

time: Thu Aug  1 00:58:14 2024
timezone: EDT
elapsed time: 0 seconds (0d 0h 0m 0s)

